Starting ./sauco_manager.bash... 
Date: Tue Apr 17 10:44:23 PDT 2018

OK

## Installing the NodeSource Node.js v6.x LTS Boron repo...


## Populating apt-get cache...

+ apt-get update
Hit:1 http://us.archive.ubuntu.com/ubuntu xenial InRelease
Hit:2 http://apt.postgresql.org/pub/repos/apt wheezy-pgdg InRelease
Hit:3 https://deb.nodesource.com/node_6.x xenial InRelease
Get:4 http://security.ubuntu.com/ubuntu xenial-security InRelease [102 kB]
Hit:5 http://us.archive.ubuntu.com/ubuntu xenial-updates InRelease
Hit:6 http://us.archive.ubuntu.com/ubuntu xenial-backports InRelease
Get:7 https://packages.microsoft.com/repos/vscode stable InRelease [2,802 B]
Ign:7 https://packages.microsoft.com/repos/vscode stable InRelease
Get:8 http://security.ubuntu.com/ubuntu xenial-security/main amd64 DEP-11 Metadata [67.6 kB]
Get:9 http://security.ubuntu.com/ubuntu xenial-security/main DEP-11 64x64 Icons [77.2 kB]
Get:10 http://security.ubuntu.com/ubuntu xenial-security/universe amd64 DEP-11 Metadata [107 kB]
Get:11 http://security.ubuntu.com/ubuntu xenial-security/universe DEP-11 64x64 Icons [147 kB]
Fetched 504 kB in 2s (169 kB/s)
Reading package lists...
W: GPG error: https://packages.microsoft.com/repos/vscode stable InRelease: The following signatures couldn't be verified because the public key is not available: NO_PUBKEY EB3E94ADBE1229CF
W: The repository 'https://packages.microsoft.com/repos/vscode stable InRelease' is not signed.

## Confirming "xenial" is supported...

+ curl -sLf -o /dev/null 'https://deb.nodesource.com/node_6.x/dists/xenial/Release'

## Adding the NodeSource signing key to your keyring...

+ curl -s https://deb.nodesource.com/gpgkey/nodesource.gpg.key | apt-key add -
OK

## Creating apt sources list file for the NodeSource Node.js v6.x LTS Boron repo...

+ echo 'deb https://deb.nodesource.com/node_6.x xenial main' > /etc/apt/sources.list.d/nodesource.list
+ echo 'deb-src https://deb.nodesource.com/node_6.x xenial main' >> /etc/apt/sources.list.d/nodesource.list

## Running `apt-get update` for you...

+ apt-get update
Hit:1 http://us.archive.ubuntu.com/ubuntu xenial InRelease
Hit:2 http://security.ubuntu.com/ubuntu xenial-security InRelease
Hit:3 https://deb.nodesource.com/node_6.x xenial InRelease
Hit:4 http://us.archive.ubuntu.com/ubuntu xenial-updates InRelease
Hit:5 http://apt.postgresql.org/pub/repos/apt wheezy-pgdg InRelease
Hit:6 http://us.archive.ubuntu.com/ubuntu xenial-backports InRelease
Get:7 https://packages.microsoft.com/repos/vscode stable InRelease [2,802 B]
Ign:7 https://packages.microsoft.com/repos/vscode stable InRelease
Fetched 2,802 B in 1s (2,172 B/s)
Reading package lists...
W: GPG error: https://packages.microsoft.com/repos/vscode stable InRelease: The following signatures couldn't be verified because the public key is not available: NO_PUBKEY EB3E94ADBE1229CF
W: The repository 'https://packages.microsoft.com/repos/vscode stable InRelease' is not signed.

## Run `apt-get install nodejs` (as root) to install Node.js v6.x LTS Boron and npm

/usr/bin/grunt -> /usr/lib/node_modules/grunt-cli/bin/grunt
/usr/lib
└── grunt-cli@1.2.0 

/usr/bin/bower -> /usr/lib/node_modules/bower/bin/bower
/usr/lib
└── bower@1.8.4 

/usr/bin/forever -> /usr/lib/node_modules/forever/bin/forever
/usr/lib
└── forever@0.15.3 

npm WARN optional SKIPPING OPTIONAL DEPENDENCY: fsevents@^1.0.0 (node_modules/forever/node_modules/chokidar/node_modules/fsevents):
npm WARN notsup SKIPPING OPTIONAL DEPENDENCY: Unsupported platform for fsevents@1.1.3: wanted {"os":"darwin","arch":"any"} (current: {"os":"linux","arch":"x64"})
npm WARN prefer global coffee-script@1.10.0 should be installed with -g

> iltorb@1.3.10 install /home/lstarkgv/Documents/desarrollo/sauco-testing/node_modules/iltorb
> detect-libc prebuild-install || node-gyp rebuild

prebuild-install info begin Prebuild-install version 2.5.1
prebuild-install info looking for local prebuild @ prebuilds/iltorb-v1.3.10-node-v48-linux-x64.tar.gz
prebuild-install info looking for cached prebuild @ /root/.npm/_prebuilds/https-github.com-MayhemYDG-iltorb-releases-download-v1.3.10-iltorb-v1.3.10-node-v48-linux-x64.tar.gz
prebuild-install info found cached prebuild 
prebuild-install info unpacking @ /root/.npm/_prebuilds/https-github.com-MayhemYDG-iltorb-releases-download-v1.3.10-iltorb-v1.3.10-node-v48-linux-x64.tar.gz
prebuild-install info unpack resolved to /home/lstarkgv/Documents/desarrollo/sauco-testing/node_modules/iltorb/build/bindings/iltorb.node
prebuild-install info unpack required /home/lstarkgv/Documents/desarrollo/sauco-testing/node_modules/iltorb/build/bindings/iltorb.node successfully
prebuild-install info install Successfully installed prebuilt binary!

> libpq@1.8.7 install /home/lstarkgv/Documents/desarrollo/sauco-testing/node_modules/libpq
> node-gyp rebuild

make: Entering directory '/home/lstarkgv/Documents/desarrollo/sauco-testing/node_modules/libpq/build'
  CXX(target) Release/obj.target/addon/src/connection.o
../src/connection.cc: In member function ‘void Connection::Emit(const char*)’:
../src/connection.cc:804:46: warning: ‘v8::Local<v8::Value> Nan::MakeCallback(v8::Local<v8::Object>, v8::Local<v8::Function>, int, v8::Local<v8::Value>*)’ is deprecated [-Wdeprecated-declarations]
   Nan::MakeCallback(handle(), emit_f, 1, info);
                                              ^
In file included from ../src/addon.h:4:0,
                 from ../src/connection.cc:1:
../node_modules/nan/nan.h:929:46: note: declared here
   NAN_DEPRECATED inline v8::Local<v8::Value> MakeCallback(
                                              ^
./Release/.deps/Release/obj.target/addon/src/connection.o.d.raw Stats {
  dev: 2049,
  mode: 33188,
  nlink: 1,
  uid: 0,
  gid: 0,
  rdev: 0,
  blksize: 4096,
  ino: 1585921,
  size: 1614,
  blocks: 8,
  atime: 2018-04-17T17:46:03.000Z,
  mtime: 2018-04-17T17:46:03.000Z,
  ctime: 2018-04-17T17:46:03.312Z,
  birthtime: 2018-04-17T17:46:03.312Z }
  CXX(target) Release/obj.target/addon/src/connect-async-worker.o
./Release/.deps/Release/obj.target/addon/src/connect-async-worker.o.d.raw Stats {
  dev: 2049,
  mode: 33188,
  nlink: 1,
  uid: 0,
  gid: 0,
  rdev: 0,
  blksize: 4096,
  ino: 1585921,
  size: 1634,
  blocks: 8,
  atime: 2018-04-17T17:46:05.000Z,
  mtime: 2018-04-17T17:46:05.000Z,
  ctime: 2018-04-17T17:46:05.632Z,
  birthtime: 2018-04-17T17:46:05.632Z }
  CXX(target) Release/obj.target/addon/src/addon.o
./Release/.deps/Release/obj.target/addon/src/addon.o.d.raw Stats {
  dev: 2049,
  mode: 33188,
  nlink: 1,
  uid: 0,
  gid: 0,
  rdev: 0,
  blksize: 4096,
  ino: 1585921,
  size: 1604,
  blocks: 8,
  atime: 2018-04-17T17:46:06.000Z,
  mtime: 2018-04-17T17:46:06.000Z,
  ctime: 2018-04-17T17:46:06.500Z,
  birthtime: 2018-04-17T17:46:06.500Z }
  SOLINK_MODULE(target) Release/obj.target/addon.node
  COPY Release/addon.node
make: Leaving directory '/home/lstarkgv/Documents/desarrollo/sauco-testing/node_modules/libpq/build'
npm WARN prefer global node-gyp@3.6.2 should be installed with -g
Cloning into 'sauco-wallet'...
npm WARN deprecated angular-ui-router@0.3.1: This npm package 'angular-ui-router' has been renamed to '@uirouter/angularjs'. Please update your package.json. See https://ui-router.github.io/blog/uirouter-scoped-packages/
npm WARN deprecated bower@1.7.9: ...psst! Your project can stop working at any moment because its dependencies can change. Prevent this by migrating to Yarn: https://bower.io/blog/2017/how-to-migrate-away-from-bower/
npm WARN deprecated coffee-script@1.10.0: CoffeeScript on NPM has moved to "coffeescript" (no hyphen)
npm WARN optional dep failed, continuing fsevents@1.1.3
(node:11105) Warning: Possible EventEmitter memory leak detected. 11 error listeners added. Use emitter.setMaxListeners() to increase limit
(node:11105) Warning: Possible EventEmitter memory leak detected. 11 error listeners added. Use emitter.setMaxListeners() to increase limit
(node:11105) Warning: Possible EventEmitter memory leak detected. 11 error listeners added. Use emitter.setMaxListeners() to increase limit
(node:11105) Warning: Possible EventEmitter memory leak detected. 11 error listeners added. Use emitter.setMaxListeners() to increase limit
(node:11105) Warning: Possible EventEmitter memory leak detected. 11 error listeners added. Use emitter.setMaxListeners() to increase limit
(node:11105) Warning: Possible EventEmitter memory leak detected. 11 error listeners added. Use emitter.setMaxListeners() to increase limit
(node:11105) Warning: Possible EventEmitter memory leak detected. 11 error listeners added. Use emitter.setMaxListeners() to increase limit
(node:11105) Warning: Possible EventEmitter memory leak detected. 11 error listeners added. Use emitter.setMaxListeners() to increase limit
(node:11105) Warning: Possible EventEmitter memory leak detected. 11 error listeners added. Use emitter.setMaxListeners() to increase limit
(node:11105) Warning: Possible EventEmitter memory leak detected. 11 error listeners added. Use emitter.setMaxListeners() to increase limit
(node:11105) Warning: Possible EventEmitter memory leak detected. 11 error listeners added. Use emitter.setMaxListeners() to increase limit
(node:11105) Warning: Possible EventEmitter memory leak detected. 11 error listeners added. Use emitter.setMaxListeners() to increase limit
(node:11105) Warning: Possible EventEmitter memory leak detected. 11 error listeners added. Use emitter.setMaxListeners() to increase limit
(node:11105) Warning: Possible EventEmitter memory leak detected. 11 error listeners added. Use emitter.setMaxListeners() to increase limit
(node:11105) Warning: Possible EventEmitter memory leak detected. 11 error listeners added. Use emitter.setMaxListeners() to increase limit
(node:11105) Warning: Possible EventEmitter memory leak detected. 11 error listeners added. Use emitter.setMaxListeners() to increase limit
(node:11105) Warning: Possible EventEmitter memory leak detected. 11 error listeners added. Use emitter.setMaxListeners() to increase limit
(node:11105) Warning: Possible EventEmitter memory leak detected. 11 error listeners added. Use emitter.setMaxListeners() to increase limit
(node:11105) Warning: Possible EventEmitter memory leak detected. 11 error listeners added. Use emitter.setMaxListeners() to increase limit
(node:11105) Warning: Possible EventEmitter memory leak detected. 11 error listeners added. Use emitter.setMaxListeners() to increase limit
(node:11105) Warning: Possible EventEmitter memory leak detected. 11 error listeners added. Use emitter.setMaxListeners() to increase limit
(node:11105) Warning: Possible EventEmitter memory leak detected. 11 error listeners added. Use emitter.setMaxListeners() to increase limit
(node:11105) Warning: Possible EventEmitter memory leak detected. 11 error listeners added. Use emitter.setMaxListeners() to increase limit
(node:11105) Warning: Possible EventEmitter memory leak detected. 11 error listeners added. Use emitter.setMaxListeners() to increase limit
(node:11105) Warning: Possible EventEmitter memory leak detected. 11 error listeners added. Use emitter.setMaxListeners() to increase limit
(node:11105) Warning: Possible EventEmitter memory leak detected. 11 error listeners added. Use emitter.setMaxListeners() to increase limit
(node:11105) Warning: Possible EventEmitter memory leak detected. 11 error listeners added. Use emitter.setMaxListeners() to increase limit
(node:11105) Warning: Possible EventEmitter memory leak detected. 11 error listeners added. Use emitter.setMaxListeners() to increase limit
(node:11105) Warning: Possible EventEmitter memory leak detected. 11 error listeners added. Use emitter.setMaxListeners() to increase limit
(node:11105) Warning: Possible EventEmitter memory leak detected. 11 error listeners added. Use emitter.setMaxListeners() to increase limit
(node:11105) Warning: Possible EventEmitter memory leak detected. 11 error listeners added. Use emitter.setMaxListeners() to increase limit
(node:11105) Warning: Possible EventEmitter memory leak detected. 11 error listeners added. Use emitter.setMaxListeners() to increase limit
(node:11105) Warning: Possible EventEmitter memory leak detected. 11 error listeners added. Use emitter.setMaxListeners() to increase limit
npm WARN cannot run in wd sauco-ui@6.6.1 bower install (wd=/home/lstarkgv/Documents/desarrollo/sauco-testing/public)
compare-version@0.1.2 node_modules/compare-version

browserify-angular-animate@1.2.18 node_modules/browserify-angular-animate

jit-grunt@0.10.0 node_modules/jit-grunt

angular-cookies@1.5.8 node_modules/angular-cookies

angular-resource@1.5.8 node_modules/angular-resource

angular-route@1.5.8 node_modules/angular-route

angular-gettext@2.3.7 node_modules/angular-gettext

angular-animate@1.5.8 node_modules/angular-animate

angular-modal@0.5.0 node_modules/angular-modal

angular-socket-io@0.7.0 node_modules/angular-socket-io

angular-ui-router@0.3.1 node_modules/angular-ui-router

angular@1.5.8 node_modules/angular

chart.js@1.0.2 node_modules/chart.js

grunt-contrib-concat@1.0.1 node_modules/grunt-contrib-concat
├── source-map@0.5.7
└── chalk@1.1.3 (escape-string-regexp@1.0.5, ansi-styles@2.2.1, supports-color@2.0.0, has-ansi@2.0.0, strip-ansi@3.0.1)

buffer@4.9.1 node_modules/buffer
├── ieee754@1.1.11
├── isarray@1.0.0
└── base64-js@1.2.3

requests@0.1.7 node_modules/requests
├── eventemitter3@1.1.1
├── axo@0.0.2
├── xhr-send@1.0.0
├── hang@1.0.0
├── extendible@0.1.1
└── loads@0.0.4 (xhr-response@1.0.1, xhr-status@1.0.1, failure@1.1.1, one-time@0.0.4)

ng-table@0.5.4 node_modules/ng-table

grunt-cli@1.2.0 node_modules/grunt-cli
├── grunt-known-options@1.1.0
├── nopt@3.0.6 (abbrev@1.1.1)
├── findup-sync@0.3.0 (glob@5.0.15)
└── resolve@1.1.7

socket.io@1.4.8 node_modules/socket.io
├── has-binary@0.1.7 (isarray@0.0.1)
├── debug@2.2.0 (ms@0.7.1)
├── socket.io-parser@2.2.6 (isarray@0.0.1, json3@3.3.2, component-emitter@1.1.2, benchmark@1.0.0)
├── socket.io-adapter@0.4.0 (socket.io-parser@2.2.2)
├── engine.io@1.6.11 (base64id@0.1.0, ws@1.1.0, accepts@1.1.4, engine.io-parser@1.2.4)
└── socket.io-client@1.4.8 (to-array@0.1.4, component-emitter@1.2.0, indexof@0.0.1, component-bind@1.0.0, backo2@1.0.2, object-component@0.0.3, parseuri@0.0.4, engine.io-client@1.6.11)

angular-chart.js@0.10.2 node_modules/angular-chart.js
└── chart.js@1.1.1

angular-filter@0.5.11 node_modules/angular-filter

grunt-contrib-cssmin@1.0.2 node_modules/grunt-contrib-cssmin
├── chalk@1.1.3 (escape-string-regexp@1.0.5, supports-color@2.0.0, ansi-styles@2.2.1, strip-ansi@3.0.1, has-ansi@2.0.0)
├── clean-css@3.4.28 (commander@2.8.1, source-map@0.4.4)
└── maxmin@1.1.0 (figures@1.7.0, gzip-size@1.0.0, pretty-bytes@1.0.4)

grunt-contrib-uglify@2.0.0 node_modules/grunt-contrib-uglify
├── lodash.assign@4.2.0
├── uri-path@1.0.0
├── chalk@1.1.3 (escape-string-regexp@1.0.5, ansi-styles@2.2.1, supports-color@2.0.0, has-ansi@2.0.0, strip-ansi@3.0.1)
├── uglify-js@2.7.5 (async@0.2.10, uglify-to-browserify@1.0.2, source-map@0.5.7, yargs@3.10.0)
└── maxmin@1.1.0 (figures@1.7.0, gzip-size@1.0.0, pretty-bytes@1.0.4)

grunt-contrib-jshint@1.0.0 node_modules/grunt-contrib-jshint
├── hooker@0.2.3
├── chalk@1.1.3 (escape-string-regexp@1.0.5, supports-color@2.0.0, ansi-styles@2.2.1, strip-ansi@3.0.1, has-ansi@2.0.0)
└── jshint@2.9.5 (strip-json-comments@1.0.4, exit@0.1.2, console-browserify@1.1.0, shelljs@0.3.0, minimatch@3.0.4, cli@1.0.1, htmlparser2@3.8.3, lodash@3.7.0)

browserify@16.2.0 node_modules/browserify
├── tty-browserify@0.0.1
├── path-browserify@0.0.0
├── punycode@1.4.1
├── duplexer2@0.1.4
├── https-browserify@1.0.0
├── constants-browserify@1.0.0
├── domain-browser@1.2.0
├── inherits@2.0.3
├── os-browserify@0.3.0
├── htmlescape@1.1.1
├── through2@2.0.3
├── process@0.11.10
├── stream-browserify@2.0.1
├── cached-path-relative@1.0.1
├── defined@1.0.0
├── assert@1.4.1
├── xtend@4.0.1
├── read-only-stream@2.0.0
├── querystring-es3@0.2.1
├── timers-browserify@1.4.2
├── vm-browserify@1.0.1
├── deps-sort@2.0.0
├── events@2.0.0
├── string_decoder@1.1.1 (safe-buffer@5.1.1)
├── concat-stream@1.6.2 (buffer-from@1.0.0, typedarray@0.0.6)
├── parents@1.0.1 (path-platform@0.11.15)
├── console-browserify@1.1.0 (date-now@0.1.4)
├── has@1.0.1 (function-bind@1.1.1)
├── util@0.10.3 (inherits@2.0.1)
├── url@0.11.0 (punycode@1.3.2, querystring@0.2.0)
├── shell-quote@1.6.1 (array-filter@0.0.1, jsonify@0.0.0, array-reduce@0.0.0, array-map@0.0.0)
├── subarg@1.0.0 (minimist@1.2.0)
├── readable-stream@2.3.6 (process-nextick-args@2.0.0, util-deprecate@1.0.2, core-util-is@1.0.2, safe-buffer@5.1.1, isarray@1.0.0)
├── labeled-stream-splicer@2.0.1 (isarray@2.0.4, stream-splicer@2.0.0)
├── stream-http@2.8.1 (builtin-status-codes@3.0.0, to-arraybuffer@1.0.1)
├── shasum@1.0.2 (json-stable-stringify@0.0.1, sha.js@2.4.11)
├── mkdirp@0.5.1 (minimist@0.0.8)
├── glob@7.1.2 (path-is-absolute@1.0.1, fs.realpath@1.0.0, inflight@1.0.6, once@1.4.0, minimatch@3.0.4)
├── buffer@5.1.0 (ieee754@1.1.11, base64-js@1.2.3)
├── browserify-zlib@0.2.0 (pako@1.0.6)
├── JSONStream@1.3.2 (through@2.3.8, jsonparse@1.3.1)
├── syntax-error@1.4.0 (acorn-node@1.3.0)
├── browser-resolve@1.11.2 (resolve@1.1.7)
├── browser-pack@6.1.0 (safe-buffer@5.1.1, umd@3.0.3, combine-source-map@0.8.0)
├── resolve@1.7.1 (path-parse@1.0.5)
├── insert-module-globals@7.0.6 (path-is-absolute@1.0.1, is-buffer@1.1.6, combine-source-map@0.8.0, lexical-scope@1.2.0)
├── crypto-browserify@3.12.0 (randomfill@1.0.4, randombytes@2.0.6, pbkdf2@3.0.14, create-hmac@1.1.7, diffie-hellman@5.0.3, create-hash@1.2.0, browserify-cipher@1.0.1, create-ecdh@4.0.1, browserify-sign@4.0.4, public-encrypt@4.0.2)
└── module-deps@6.0.2 (stream-combiner2@1.1.1, detective@5.1.0)

sauco-js@6.6.1 node_modules/sauco-js
├── browserify-bignum@1.3.0-2
├── ed2curve@0.2.1 (tweetnacl@0.14.5)
├── js-nacl@1.2.1
├── bytebuffer@5.0.1 (long@3.2.0)
├── popsicle@9.1.0 (make-error-cause@1.2.2, tough-cookie@2.3.4, form-data@2.3.2, concat-stream@1.6.2)
└── crypto-browserify@3.11.0 (inherits@2.0.3, randombytes@2.0.6, create-hmac@1.1.7, pbkdf2@3.0.14, diffie-hellman@5.0.3, create-hash@1.2.0, browserify-cipher@1.0.1, create-ecdh@4.0.1, browserify-sign@4.0.4, public-encrypt@4.0.2)

grunt-browserify@5.3.0 node_modules/grunt-browserify
├── glob@7.1.2 (path-is-absolute@1.0.1, inherits@2.0.3, fs.realpath@1.0.0, once@1.4.0, inflight@1.0.6, minimatch@3.0.4)
├── browserify-incremental@3.1.1 (xtend@4.0.1, browserify-cache-api@3.0.1, JSONStream@0.10.0, through2@2.0.3)
├── resolve@1.7.1 (path-parse@1.0.5)
├── async@2.6.0
├── watchify@3.11.0 (defined@1.0.0, xtend@4.0.1, outpipe@1.1.1, through2@2.0.3, chokidar@1.7.0, anymatch@1.3.2)
└── lodash@4.17.5

grunt-angular-gettext@2.2.3 node_modules/grunt-angular-gettext
└── angular-gettext-tools@2.2.3 (binary-search@1.3.3, pofile@1.0.10, espree@3.5.4, cheerio@0.19.0, lodash@4.17.5)

grunt@1.0.1 node_modules/grunt
├── grunt-known-options@1.1.0
├── eventemitter2@0.4.14
├── path-is-absolute@1.0.1
├── rimraf@2.2.8
├── exit@0.1.2
├── nopt@3.0.6 (abbrev@1.1.1)
├── coffee-script@1.10.0
├── glob@7.0.6 (inherits@2.0.3, fs.realpath@1.0.0, once@1.4.0, inflight@1.0.6)
├── minimatch@3.0.4 (brace-expansion@1.1.11)
├── iconv-lite@0.4.21 (safer-buffer@2.1.2)
├── findup-sync@0.3.0 (glob@5.0.15)
├── js-yaml@3.5.5 (esprima@2.7.3, argparse@1.0.10)
├── dateformat@1.0.12 (get-stdin@4.0.1, meow@3.7.0)
├── grunt-legacy-util@1.0.0 (async@1.5.2, getobject@0.1.0, hooker@0.2.3, which@1.2.14, underscore.string@3.2.3, lodash@4.3.0)
└── grunt-legacy-log@1.0.1 (hooker@0.2.3, colors@1.1.2, underscore.string@3.3.4, grunt-legacy-log-utils@1.0.0, lodash@4.17.5)

grunt-contrib-watch@1.0.0 node_modules/grunt-contrib-watch
├── async@1.5.2
├── tiny-lr@0.2.1 (parseurl@1.3.2, livereload-js@2.3.0, qs@5.1.0, debug@2.2.0, body-parser@1.14.2, faye-websocket@0.10.0)
├── lodash@3.10.1
└── gaze@1.1.2 (globule@1.2.0)

bitcore-mnemonic@1.1.1 node_modules/bitcore-mnemonic
├── unorm@1.4.1
└── bitcore-lib@0.13.19 (inherits@2.0.1, buffer-compare@1.0.0, bs58@2.0.0, bn.js@2.0.4, elliptic@3.0.3, lodash@3.10.1)

grunt-contrib-less@1.4.0 node_modules/grunt-contrib-less
├── chalk@1.1.3 (escape-string-regexp@1.0.5, supports-color@2.0.0, ansi-styles@2.2.1, strip-ansi@3.0.1, has-ansi@2.0.0)
├── async@2.6.0
├── lodash@4.17.5
└── less@2.7.3 (graceful-fs@4.1.11, mime@1.6.0, image-size@0.5.5, source-map@0.5.7, errno@0.1.7, mkdirp@0.5.1, promise@7.3.1, request@2.81.0)

bower@1.7.9 node_modules/bower

grunt-contrib-nodeunit@1.0.0 node_modules/grunt-contrib-nodeunit
└── nodeunit@0.9.5 (tap@7.1.2)
Running "nggettext_extract:pot" (nggettext_extract) task

Running "nggettext_compile:all" (nggettext_compile) task

Running "less:release" (less) task
>> 1 stylesheet created.

Running "cssmin:release" (cssmin) task
>> 1 file created. 460.24 kB → 354.96 kB

Running "concat:release" (concat) task

Running "browserify:release" (browserify) task
>> Bundle static/js/br_app.js created.

Running "concat:withoutBrowserify" (concat) task

Running "uglify:release" (uglify) task
>> 1 file created.

Done.
[31merror[39m:   Forever cannot find process with id: /home/lstarkgv/Documents/desarrollo/sauco-testing/app.js
[33mwarn[39m:    --minUptime not set. Defaulting to: 1000ms
[33mwarn[39m:    --spinSleepTime not set. Your script will exit if it does not stay up for at least 1000ms
[32minfo[39m:    Forever processing file: [90mapp.js[39m
[32minfo[39m:    Forever stopped process:
[37m   [39m [37muid[39m  [90mcommand[39m       [90mscript[39m                [37mforever[39m [37mpid[39m   [37mid[39m [35mlogfile[39m                 [33muptime[39m       
[0] Kv5b [90m/usr/bin/node[39m [90mapp.js -c config.json[39m 12693   12713    [35m/root/.forever/Kv5b.log[39m [33m0:0:0:55.249[39m 
[31merror[39m:   Forever cannot find process with id: /home/lstarkgv/Documents/desarrollo/sauco-testing/app.js
[33mwarn[39m:    --minUptime not set. Defaulting to: 1000ms
[33mwarn[39m:    --spinSleepTime not set. Your script will exit if it does not stay up for at least 1000ms
[32minfo[39m:    Forever processing file: [90mapp.js[39m
[32minfo[39m:    Forever stopped process:
[37m   [39m [37muid[39m  [90mcommand[39m       [90mscript[39m                [37mforever[39m [37mpid[39m   [37mid[39m [35mlogfile[39m                 [33muptime[39m       
[0] QKj- [90m/usr/bin/node[39m [90mapp.js -c config.json[39m 13282   13293    [35m/root/.forever/QKj-.log[39m [33m0:0:0:17.863[39m 
[31merror[39m:   Forever cannot find process with id: /home/lstarkgv/Documents/desarrollo/sauco-testing/app.js
[33mwarn[39m:    --minUptime not set. Defaulting to: 1000ms
[33mwarn[39m:    --spinSleepTime not set. Your script will exit if it does not stay up for at least 1000ms
[32minfo[39m:    Forever processing file: [90mapp.js[39m
[32minfo[39m:    Forever stopped process:
[37m   [39m [37muid[39m  [90mcommand[39m       [90mscript[39m                [37mforever[39m [37mpid[39m   [37mid[39m [35mlogfile[39m                 [33muptime[39m       
[0] n2sA [90m/usr/bin/node[39m [90mapp.js -c config.json[39m 14534   14545    [35m/root/.forever/n2sA.log[39m [33m0:0:5:37.577[39m 
[31merror[39m:   Forever cannot find process with id: /home/lstarkgv/Documents/desarrollo/sauco-testing/app.js
[33mwarn[39m:    --minUptime not set. Defaulting to: 1000ms
[33mwarn[39m:    --spinSleepTime not set. Your script will exit if it does not stay up for at least 1000ms
[32minfo[39m:    Forever processing file: [90mapp.js[39m
[32minfo[39m:    Forever stopped process:
[37m   [39m [37muid[39m  [90mcommand[39m       [90mscript[39m                [37mforever[39m [37mpid[39m   [37mid[39m [35mlogfile[39m                 [33muptime[39m      
[0] Xxb9 [90m/usr/bin/node[39m [90mapp.js -c config.json[39m 15076   15087    [35m/root/.forever/Xxb9.log[39m [33m0:0:8:52.53[39m 
[31merror[39m:   Forever cannot find process with id: /home/lstarkgv/Documents/desarrollo/sauco-testing/app.js
[33mwarn[39m:    --minUptime not set. Defaulting to: 1000ms
[33mwarn[39m:    --spinSleepTime not set. Your script will exit if it does not stay up for at least 1000ms
[32minfo[39m:    Forever processing file: [90mapp.js[39m
[32minfo[39m:    Forever stopped process:
[37m   [39m [37muid[39m  [90mcommand[39m       [90mscript[39m                [37mforever[39m [37mpid[39m   [37mid[39m [35mlogfile[39m                 [33muptime[39m        
[0] 1b9Q [90m/usr/bin/node[39m [90mapp.js -c config.json[39m 16118   16129    [35m/root/.forever/1b9Q.log[39m [33m0:1:13:46.522[39m 
[33mwarn[39m:    --minUptime not set. Defaulting to: 1000ms
[33mwarn[39m:    --spinSleepTime not set. Your script will exit if it does not stay up for at least 1000ms
[32minfo[39m:    Forever processing file: [90mapp.js[39m
[32minfo[39m:    Forever stopped process:
[37m   [39m [37muid[39m  [90mcommand[39m       [90mscript[39m                [37mforever[39m [37mpid[39m   [37mid[39m [35mlogfile[39m                 [33muptime[39m       
[0] 4OsP [90m/usr/bin/node[39m [90mapp.js -c config.json[39m 21206   21217    [35m/root/.forever/4OsP.log[39m [33m0:0:0:24.702[39m 
[31merror[39m:   Forever cannot find process with id: /home/lstarkgv/Documents/desarrollo/sauco-testing/app.js
[33mwarn[39m:    --minUptime not set. Defaulting to: 1000ms
[33mwarn[39m:    --spinSleepTime not set. Your script will exit if it does not stay up for at least 1000ms
[32minfo[39m:    Forever processing file: [90mapp.js[39m
[32minfo[39m:    Forever stopped process:
[37m   [39m [37muid[39m  [90mcommand[39m       [90mscript[39m                [37mforever[39m [37mpid[39m   [37mid[39m [35mlogfile[39m                 [33muptime[39m       
[0] P8Lz [90m/usr/bin/node[39m [90mapp.js -c config.json[39m 23528   23539    [35m/root/.forever/P8Lz.log[39m [33m0:0:46:5.796[39m 
[31merror[39m:   Forever cannot find process with id: /home/lstarkgv/Documents/desarrollo/sauco-testing/app.js
[33mwarn[39m:    --minUptime not set. Defaulting to: 1000ms
[33mwarn[39m:    --spinSleepTime not set. Your script will exit if it does not stay up for at least 1000ms
[32minfo[39m:    Forever processing file: [90mapp.js[39m
[32minfo[39m:    Forever stopped process:
[37m   [39m [37muid[39m  [90mcommand[39m       [90mscript[39m                [37mforever[39m [37mpid[39m   [37mid[39m [35mlogfile[39m                 [33muptime[39m       
[0] Wj-x [90m/usr/bin/node[39m [90mapp.js -c config.json[39m 27909   27920    [35m/root/.forever/Wj-x.log[39m [33m0:0:0:39.104[39m 
[31merror[39m:   Forever cannot find process with id: /home/lstarkgv/Documents/desarrollo/sauco-testing/app.js
[33mwarn[39m:    --minUptime not set. Defaulting to: 1000ms
[33mwarn[39m:    --spinSleepTime not set. Your script will exit if it does not stay up for at least 1000ms
[32minfo[39m:    Forever processing file: [90mapp.js[39m
[32minfo[39m:    Forever stopped process:
[37m   [39m [37muid[39m  [90mcommand[39m       [90mscript[39m                [37mforever[39m [37mpid[39m   [37mid[39m [35mlogfile[39m                 [33muptime[39m       
[0] D0JX [90m/usr/bin/node[39m [90mapp.js -c config.json[39m 29252   29263    [35m/root/.forever/D0JX.log[39m [33m0:0:0:27.268[39m 
[31merror[39m:   Forever cannot find process with id: /home/lstarkgv/Documents/desarrollo/sauco-testing/app.js
[33mwarn[39m:    --minUptime not set. Defaulting to: 1000ms
[33mwarn[39m:    --spinSleepTime not set. Your script will exit if it does not stay up for at least 1000ms
[32minfo[39m:    Forever processing file: [90mapp.js[39m
[32minfo[39m:    Forever stopped process:
[37m   [39m [37muid[39m  [90mcommand[39m       [90mscript[39m                [37mforever[39m [37mpid[39m   [37mid[39m [35mlogfile[39m                 [33muptime[39m      
[0] D6ld [90m/usr/bin/node[39m [90mapp.js -c config.json[39m 31086   31097    [35m/root/.forever/D6ld.log[39m [33m0:0:4:3.630[39m 
[31merror[39m:   Forever cannot find process with id: /home/lstarkgv/Documents/desarrollo/sauco-testing/app.js
[33mwarn[39m:    --minUptime not set. Defaulting to: 1000ms
[33mwarn[39m:    --spinSleepTime not set. Your script will exit if it does not stay up for at least 1000ms
[32minfo[39m:    Forever processing file: [90mapp.js[39m
[32minfo[39m:    Forever stopped process:
[37m   [39m [37muid[39m  [90mcommand[39m       [90mscript[39m                [37mforever[39m [37mpid[39m   [37mid[39m [35mlogfile[39m                 [33muptime[39m       
[0] imsC [90m/usr/bin/node[39m [90mapp.js -c config.json[39m 31596   31607    [35m/root/.forever/imsC.log[39m [33m0:0:2:25.695[39m 
[31merror[39m:   Forever cannot find process with id: /home/lstarkgv/Documents/desarrollo/sauco-testing/app.js
[33mwarn[39m:    --minUptime not set. Defaulting to: 1000ms
[33mwarn[39m:    --spinSleepTime not set. Your script will exit if it does not stay up for at least 1000ms
[32minfo[39m:    Forever processing file: [90mapp.js[39m
[32minfo[39m:    Forever stopped process:
[37m   [39m [37muid[39m  [90mcommand[39m       [90mscript[39m                [37mforever[39m [37mpid[39m   [37mid[39m [35mlogfile[39m                 [33muptime[39m       
[0] f-3z [90m/usr/bin/node[39m [90mapp.js -c config.json[39m 32012   32023    [35m/root/.forever/f-3z.log[39m [33m0:0:1:14.790[39m 
[33mwarn[39m:    --minUptime not set. Defaulting to: 1000ms
[33mwarn[39m:    --spinSleepTime not set. Your script will exit if it does not stay up for at least 1000ms
[32minfo[39m:    Forever processing file: [90mapp.js[39m
[32minfo[39m:    Forever stopped process:
[37m   [39m [37muid[39m  [90mcommand[39m       [90mscript[39m                [37mforever[39m [37mpid[39m   [37mid[39m [35mlogfile[39m                 [33muptime[39m        
[0] un5Z [90m/usr/bin/node[39m [90mapp.js -c config.json[39m 32280   32291    [35m/root/.forever/un5Z.log[39m [33m0:1:17:36.639[39m 
[31merror[39m:   Forever cannot find process with id: /home/lstarkgv/Documents/desarrollo/sauco-testing/app.js
[33mwarn[39m:    --minUptime not set. Defaulting to: 1000ms
[33mwarn[39m:    --spinSleepTime not set. Your script will exit if it does not stay up for at least 1000ms
[32minfo[39m:    Forever processing file: [90mapp.js[39m
[32minfo[39m:    Forever stopped process:
[37m   [39m [37muid[39m  [90mcommand[39m       [90mscript[39m                [37mforever[39m [37mpid[39m   [37mid[39m [35mlogfile[39m                 [33muptime[39m       
[0] sHyo [90m/usr/bin/node[39m [90mapp.js -c config.json[39m 34523   34534    [35m/root/.forever/sHyo.log[39m [33m0:0:4:25.571[39m 
[33mwarn[39m:    --minUptime not set. Defaulting to: 1000ms
[33mwarn[39m:    --spinSleepTime not set. Your script will exit if it does not stay up for at least 1000ms
[32minfo[39m:    Forever processing file: [90mapp.js[39m
[32minfo[39m:    Forever stopped process:
[37m   [39m [37muid[39m  [90mcommand[39m       [90mscript[39m                [37mforever[39m [37mpid[39m   [37mid[39m [35mlogfile[39m                 [33muptime[39m       
[0] QJUI [90m/usr/bin/node[39m [90mapp.js -c config.json[39m 35115   35126    [35m/root/.forever/QJUI.log[39m [33m0:0:0:43.984[39m 
