[inf] 2018-04-18 19:32:50 | App connected with redis server
[dbg] 2018-04-18 19:32:51 | Loading module - server
[dbg] 2018-04-18 19:32:51 | Loading module - accounts
[dbg] 2018-04-18 19:32:51 | Loading module - transactions
[dbg] 2018-04-18 19:32:51 | Loading module - blocks
[dbg] 2018-04-18 19:32:51 | Loading module - signatures
[dbg] 2018-04-18 19:32:51 | Loading module - transport
[dbg] 2018-04-18 19:32:51 | Releasing enqueued broadcasts
[dbg] 2018-04-18 19:32:51 | Queue empty
[dbg] 2018-04-18 19:32:51 | Loading module - loader
[dbg] 2018-04-18 19:32:51 | Loading module - system
[dbg] 2018-04-18 19:32:51 | Loading module - peers
[dbg] 2018-04-18 19:32:51 | Loading module - delegates
[dbg] 2018-04-18 19:32:51 | Loading module - rounds
[dbg] 2018-04-18 19:32:51 | Loading module - multisignatures
[dbg] 2018-04-18 19:32:51 | Loading module - dapps
[dbg] 2018-04-18 19:32:51 | Loading module - crypto
[dbg] 2018-04-18 19:32:51 | Loading module - sql
[dbg] 2018-04-18 19:32:51 | Loading module - cache
[dbg] 2018-04-18 19:32:51 | keys with pattern: /api/delegates* cleared from cache on delegate trs
[inf] 2018-04-18 19:32:51 | Sauco started: 0.0.0.0:4000
[inf] 2018-04-18 19:32:51 | Modules ready and launched
[inf] 2018-04-18 19:32:51 | Blocks 1
[dbg] 2018-04-18 19:32:51 | Loading blocks offset - {"limit":1000,"offset":0,"verify":true}
[dbg] 2018-04-18 19:32:51 | Processing block - 5356537285557333399
[dbg] 2018-04-18 19:32:51 | Applying unconfirmed transaction - 14184199541845198867
[inf] 2018-04-18 19:32:51 | Genesis block loading - 0.9709 %: applied 1 of 103 transactions
[dbg] 2018-04-18 19:32:51 | Applying confirmed transaction - 14184199541845198867
[dbg] 2018-04-18 19:32:51 | Applying unconfirmed transaction - 11293078031149019430
[dbg] 2018-04-18 19:32:51 | Applying confirmed transaction - 11293078031149019430
[dbg] 2018-04-18 19:32:51 | Applying unconfirmed transaction - 16413463937282658299
[dbg] 2018-04-18 19:32:51 | Applying confirmed transaction - 16413463937282658299
[dbg] 2018-04-18 19:32:51 | Applying unconfirmed transaction - 8907891524619120556
[dbg] 2018-04-18 19:32:51 | Applying confirmed transaction - 8907891524619120556
[dbg] 2018-04-18 19:32:51 | Applying unconfirmed transaction - 17940298837439445403
[dbg] 2018-04-18 19:32:51 | Applying confirmed transaction - 17940298837439445403
[dbg] 2018-04-18 19:32:51 | Applying unconfirmed transaction - 16200491127724465046
[dbg] 2018-04-18 19:32:51 | Applying confirmed transaction - 16200491127724465046
[dbg] 2018-04-18 19:32:51 | Applying unconfirmed transaction - 4427518733149095459
[dbg] 2018-04-18 19:32:51 | Applying confirmed transaction - 4427518733149095459
[dbg] 2018-04-18 19:32:51 | Applying unconfirmed transaction - 10654366903882526163
[dbg] 2018-04-18 19:32:51 | Applying confirmed transaction - 10654366903882526163
[dbg] 2018-04-18 19:32:51 | Applying unconfirmed transaction - 2204044198678576836
[log] 2018-04-18 19:32:51 | GET /api/blocks/getHeight from 127.0.0.1
[dbg] 2018-04-18 19:32:51 | Applying confirmed transaction - 2204044198678576836
[dbg] 2018-04-18 19:32:51 | Applying unconfirmed transaction - 14020186435738991965
[dbg] 2018-04-18 19:32:51 | Applying confirmed transaction - 14020186435738991965
[dbg] 2018-04-18 19:32:51 | Applying unconfirmed transaction - 8588813084388525251
[dbg] 2018-04-18 19:32:51 | Applying confirmed transaction - 8588813084388525251
[dbg] 2018-04-18 19:32:51 | Applying unconfirmed transaction - 17895758143926772071
[dbg] 2018-04-18 19:32:52 | Applying confirmed transaction - 17895758143926772071
[dbg] 2018-04-18 19:32:52 | Applying unconfirmed transaction - 17517733606502645484
[dbg] 2018-04-18 19:32:52 | Applying confirmed transaction - 17517733606502645484
[dbg] 2018-04-18 19:32:52 | Applying unconfirmed transaction - 12293467477526711100
[dbg] 2018-04-18 19:32:52 | Applying confirmed transaction - 12293467477526711100
[dbg] 2018-04-18 19:32:52 | Applying unconfirmed transaction - 12761323363810093016
[dbg] 2018-04-18 19:32:52 | Applying confirmed transaction - 12761323363810093016
[dbg] 2018-04-18 19:32:52 | Applying unconfirmed transaction - 12226643773327170385
[dbg] 2018-04-18 19:32:52 | Applying confirmed transaction - 12226643773327170385
[dbg] 2018-04-18 19:32:52 | Applying unconfirmed transaction - 16378704794202782806
[dbg] 2018-04-18 19:32:52 | Applying confirmed transaction - 16378704794202782806
[dbg] 2018-04-18 19:32:52 | Applying unconfirmed transaction - 15208885258561657083
[dbg] 2018-04-18 19:32:52 | Applying confirmed transaction - 15208885258561657083
[dbg] 2018-04-18 19:32:52 | Applying unconfirmed transaction - 13792667388624039750
[dbg] 2018-04-18 19:32:52 | Applying confirmed transaction - 13792667388624039750
[dbg] 2018-04-18 19:32:52 | Applying unconfirmed transaction - 7411556441473833884
[dbg] 2018-04-18 19:32:52 | Applying confirmed transaction - 7411556441473833884
[dbg] 2018-04-18 19:32:52 | Applying unconfirmed transaction - 4277594334787792931
[dbg] 2018-04-18 19:32:52 | Applying confirmed transaction - 4277594334787792931
[dbg] 2018-04-18 19:32:52 | Applying unconfirmed transaction - 16238855438976814536
[dbg] 2018-04-18 19:32:52 | Applying confirmed transaction - 16238855438976814536
[dbg] 2018-04-18 19:32:52 | Applying unconfirmed transaction - 7431207653240556127
[dbg] 2018-04-18 19:32:52 | Applying confirmed transaction - 7431207653240556127
[dbg] 2018-04-18 19:32:52 | Applying unconfirmed transaction - 5151443804775023769
[dbg] 2018-04-18 19:32:52 | Applying confirmed transaction - 5151443804775023769
[dbg] 2018-04-18 19:32:52 | Applying unconfirmed transaction - 6214831935026126093
[dbg] 2018-04-18 19:32:52 | Applying confirmed transaction - 6214831935026126093
[dbg] 2018-04-18 19:32:52 | Applying unconfirmed transaction - 14803374971327560720
[dbg] 2018-04-18 19:32:52 | Applying confirmed transaction - 14803374971327560720
[dbg] 2018-04-18 19:32:52 | Applying unconfirmed transaction - 10074487486376715775
[dbg] 2018-04-18 19:32:52 | Applying confirmed transaction - 10074487486376715775
[dbg] 2018-04-18 19:32:52 | Applying unconfirmed transaction - 9541781633147159146
[dbg] 2018-04-18 19:32:52 | Applying confirmed transaction - 9541781633147159146
[dbg] 2018-04-18 19:32:52 | Applying unconfirmed transaction - 11658063739414047765
[dbg] 2018-04-18 19:32:52 | Applying confirmed transaction - 11658063739414047765
[dbg] 2018-04-18 19:32:52 | Applying unconfirmed transaction - 10463774309719752321
[dbg] 2018-04-18 19:32:52 | Applying confirmed transaction - 10463774309719752321
[dbg] 2018-04-18 19:32:52 | Applying unconfirmed transaction - 15447152737731362056
[dbg] 2018-04-18 19:32:52 | Applying confirmed transaction - 15447152737731362056
[dbg] 2018-04-18 19:32:52 | Applying unconfirmed transaction - 7460551747180234397
[dbg] 2018-04-18 19:32:52 | Applying confirmed transaction - 7460551747180234397
[dbg] 2018-04-18 19:32:52 | Applying unconfirmed transaction - 5320193054840987046
[dbg] 2018-04-18 19:32:52 | Applying confirmed transaction - 5320193054840987046
[dbg] 2018-04-18 19:32:52 | Applying unconfirmed transaction - 1409520532108790942
[dbg] 2018-04-18 19:32:52 | Applying confirmed transaction - 1409520532108790942
[dbg] 2018-04-18 19:32:52 | Applying unconfirmed transaction - 11086585501332939093
[dbg] 2018-04-18 19:32:52 | Applying confirmed transaction - 11086585501332939093
[dbg] 2018-04-18 19:32:52 | Applying unconfirmed transaction - 13279887870737697659
[dbg] 2018-04-18 19:32:52 | Applying confirmed transaction - 13279887870737697659
[dbg] 2018-04-18 19:32:52 | Applying unconfirmed transaction - 11402321099400953484
[dbg] 2018-04-18 19:32:52 | Applying confirmed transaction - 11402321099400953484
[dbg] 2018-04-18 19:32:52 | Applying unconfirmed transaction - 11162999349646044617
[dbg] 2018-04-18 19:32:52 | Applying confirmed transaction - 11162999349646044617
[dbg] 2018-04-18 19:32:52 | Applying unconfirmed transaction - 3625594542683872452
[dbg] 2018-04-18 19:32:52 | Applying confirmed transaction - 3625594542683872452
[dbg] 2018-04-18 19:32:52 | Applying unconfirmed transaction - 11084623343501014306
[dbg] 2018-04-18 19:32:52 | Applying confirmed transaction - 11084623343501014306
[dbg] 2018-04-18 19:32:52 | Applying unconfirmed transaction - 13710421385354306534
[dbg] 2018-04-18 19:32:52 | Applying confirmed transaction - 13710421385354306534
[dbg] 2018-04-18 19:32:52 | Applying unconfirmed transaction - 4314449102555988869
[dbg] 2018-04-18 19:32:52 | Applying confirmed transaction - 4314449102555988869
[dbg] 2018-04-18 19:32:52 | Applying unconfirmed transaction - 9409186032031132177
[dbg] 2018-04-18 19:32:52 | Applying confirmed transaction - 9409186032031132177
[dbg] 2018-04-18 19:32:52 | Applying unconfirmed transaction - 9586324214996689000
[dbg] 2018-04-18 19:32:52 | Applying confirmed transaction - 9586324214996689000
[dbg] 2018-04-18 19:32:52 | Applying unconfirmed transaction - 2092288096683173547
[dbg] 2018-04-18 19:32:52 | Applying confirmed transaction - 2092288096683173547
[dbg] 2018-04-18 19:32:52 | Applying unconfirmed transaction - 4691691394444600310
[dbg] 2018-04-18 19:32:52 | Applying confirmed transaction - 4691691394444600310
[dbg] 2018-04-18 19:32:52 | Applying unconfirmed transaction - 4932441652657126162
[dbg] 2018-04-18 19:32:52 | Applying confirmed transaction - 4932441652657126162
[dbg] 2018-04-18 19:32:52 | Applying unconfirmed transaction - 1443726677440357630
[dbg] 2018-04-18 19:32:52 | Applying confirmed transaction - 1443726677440357630
[dbg] 2018-04-18 19:32:52 | Applying unconfirmed transaction - 12077442758764042227
[dbg] 2018-04-18 19:32:52 | Applying confirmed transaction - 12077442758764042227
[dbg] 2018-04-18 19:32:52 | Applying unconfirmed transaction - 7628958495455777359
[dbg] 2018-04-18 19:32:52 | Applying confirmed transaction - 7628958495455777359
[dbg] 2018-04-18 19:32:52 | Applying unconfirmed transaction - 15420004874586025072
[dbg] 2018-04-18 19:32:52 | Applying confirmed transaction - 15420004874586025072
[dbg] 2018-04-18 19:32:52 | Applying unconfirmed transaction - 13732024212304278675
[dbg] 2018-04-18 19:32:52 | Applying confirmed transaction - 13732024212304278675
[dbg] 2018-04-18 19:32:52 | Applying unconfirmed transaction - 16846264659227987163
[dbg] 2018-04-18 19:32:52 | Applying confirmed transaction - 16846264659227987163
[dbg] 2018-04-18 19:32:52 | Applying unconfirmed transaction - 14118039144342231435
[dbg] 2018-04-18 19:32:52 | Applying confirmed transaction - 14118039144342231435
[dbg] 2018-04-18 19:32:52 | Applying unconfirmed transaction - 12209505599791594010
[dbg] 2018-04-18 19:32:52 | Applying confirmed transaction - 12209505599791594010
[dbg] 2018-04-18 19:32:52 | Applying unconfirmed transaction - 15314145043346184556
[dbg] 2018-04-18 19:32:52 | Applying confirmed transaction - 15314145043346184556
[dbg] 2018-04-18 19:32:52 | Applying unconfirmed transaction - 11478709231291341630
[dbg] 2018-04-18 19:32:52 | Applying confirmed transaction - 11478709231291341630
[dbg] 2018-04-18 19:32:52 | Applying unconfirmed transaction - 13424328304945734341
[dbg] 2018-04-18 19:32:52 | Applying confirmed transaction - 13424328304945734341
[dbg] 2018-04-18 19:32:52 | Applying unconfirmed transaction - 15696235211425893027
[dbg] 2018-04-18 19:32:52 | Applying confirmed transaction - 15696235211425893027
[dbg] 2018-04-18 19:32:52 | Applying unconfirmed transaction - 15024831779854648222
[dbg] 2018-04-18 19:32:52 | Applying confirmed transaction - 15024831779854648222
[dbg] 2018-04-18 19:32:52 | Applying unconfirmed transaction - 15907394387631081982
[dbg] 2018-04-18 19:32:52 | Applying confirmed transaction - 15907394387631081982
[dbg] 2018-04-18 19:32:52 | Applying unconfirmed transaction - 13183944049761782378
[dbg] 2018-04-18 19:32:52 | Applying confirmed transaction - 13183944049761782378
[dbg] 2018-04-18 19:32:52 | Applying unconfirmed transaction - 18170750958952123906
[dbg] 2018-04-18 19:32:52 | Applying confirmed transaction - 18170750958952123906
[dbg] 2018-04-18 19:32:52 | Applying unconfirmed transaction - 1541742583934479024
[dbg] 2018-04-18 19:32:52 | Applying confirmed transaction - 1541742583934479024
[dbg] 2018-04-18 19:32:52 | Applying unconfirmed transaction - 2686402281873159900
[dbg] 2018-04-18 19:32:52 | Applying confirmed transaction - 2686402281873159900
[dbg] 2018-04-18 19:32:52 | Applying unconfirmed transaction - 647088884601375181
[dbg] 2018-04-18 19:32:52 | Applying confirmed transaction - 647088884601375181
[dbg] 2018-04-18 19:32:52 | Applying unconfirmed transaction - 7516997690138036999
[dbg] 2018-04-18 19:32:52 | Applying confirmed transaction - 7516997690138036999
[dbg] 2018-04-18 19:32:52 | Applying unconfirmed transaction - 4469291089497313611
[dbg] 2018-04-18 19:32:52 | Applying confirmed transaction - 4469291089497313611
[dbg] 2018-04-18 19:32:52 | Applying unconfirmed transaction - 9580456504832959511
[dbg] 2018-04-18 19:32:52 | Applying confirmed transaction - 9580456504832959511
[dbg] 2018-04-18 19:32:52 | Applying unconfirmed transaction - 7323763382004754793
[dbg] 2018-04-18 19:32:52 | Applying confirmed transaction - 7323763382004754793
[dbg] 2018-04-18 19:32:52 | Applying unconfirmed transaction - 10088254256633508302
[dbg] 2018-04-18 19:32:52 | Applying confirmed transaction - 10088254256633508302
[dbg] 2018-04-18 19:32:52 | Applying unconfirmed transaction - 5204973681544083183
[dbg] 2018-04-18 19:32:52 | Applying confirmed transaction - 5204973681544083183
[dbg] 2018-04-18 19:32:52 | Applying unconfirmed transaction - 893502430756502238
[dbg] 2018-04-18 19:32:52 | Applying confirmed transaction - 893502430756502238
[dbg] 2018-04-18 19:32:52 | Applying unconfirmed transaction - 10736921576019973511
[dbg] 2018-04-18 19:32:52 | Applying confirmed transaction - 10736921576019973511
[dbg] 2018-04-18 19:32:52 | Applying unconfirmed transaction - 2332204335778210906
[dbg] 2018-04-18 19:32:52 | Applying confirmed transaction - 2332204335778210906
[dbg] 2018-04-18 19:32:52 | Applying unconfirmed transaction - 15418762109496460082
[dbg] 2018-04-18 19:32:52 | Applying confirmed transaction - 15418762109496460082
[dbg] 2018-04-18 19:32:52 | Applying unconfirmed transaction - 15566395369896541134
[dbg] 2018-04-18 19:32:52 | Applying confirmed transaction - 15566395369896541134
[dbg] 2018-04-18 19:32:52 | Applying unconfirmed transaction - 16519624618010229976
[dbg] 2018-04-18 19:32:52 | Applying confirmed transaction - 16519624618010229976
[dbg] 2018-04-18 19:32:52 | Applying unconfirmed transaction - 12730372088039575856
[dbg] 2018-04-18 19:32:52 | Applying confirmed transaction - 12730372088039575856
[dbg] 2018-04-18 19:32:52 | Applying unconfirmed transaction - 17510238090310560845
[dbg] 2018-04-18 19:32:52 | Applying confirmed transaction - 17510238090310560845
[dbg] 2018-04-18 19:32:52 | Applying unconfirmed transaction - 14042300634287687562
[dbg] 2018-04-18 19:32:52 | Applying confirmed transaction - 14042300634287687562
[log] 2018-04-18 19:32:52 | GET /api/blocks/getHeight from 127.0.0.1
[dbg] 2018-04-18 19:32:52 | Applying unconfirmed transaction - 10888616143024463189
[dbg] 2018-04-18 19:32:52 | Applying confirmed transaction - 10888616143024463189
[dbg] 2018-04-18 19:32:52 | Applying unconfirmed transaction - 13039599722243082439
[dbg] 2018-04-18 19:32:52 | Applying confirmed transaction - 13039599722243082439
[dbg] 2018-04-18 19:32:52 | Applying unconfirmed transaction - 11144005267857096664
[dbg] 2018-04-18 19:32:52 | Applying confirmed transaction - 11144005267857096664
[dbg] 2018-04-18 19:32:52 | Applying unconfirmed transaction - 13434260996115451119
[dbg] 2018-04-18 19:32:52 | Applying confirmed transaction - 13434260996115451119
[dbg] 2018-04-18 19:32:52 | Applying unconfirmed transaction - 5648920704789894680
[dbg] 2018-04-18 19:32:52 | Applying confirmed transaction - 5648920704789894680
[dbg] 2018-04-18 19:32:52 | Applying unconfirmed transaction - 11854964979100812712
[dbg] 2018-04-18 19:32:52 | Applying confirmed transaction - 11854964979100812712
[dbg] 2018-04-18 19:32:52 | Applying unconfirmed transaction - 3910198752317261099
[dbg] 2018-04-18 19:32:52 | Applying confirmed transaction - 3910198752317261099
[dbg] 2018-04-18 19:32:52 | Applying unconfirmed transaction - 1616502760072872737
[dbg] 2018-04-18 19:32:52 | Applying confirmed transaction - 1616502760072872737
[dbg] 2018-04-18 19:32:52 | Applying unconfirmed transaction - 10056999418592596507
[dbg] 2018-04-18 19:32:52 | Applying confirmed transaction - 10056999418592596507
[dbg] 2018-04-18 19:32:52 | Applying unconfirmed transaction - 11632856781569458608
[dbg] 2018-04-18 19:32:52 | Applying confirmed transaction - 11632856781569458608
[dbg] 2018-04-18 19:32:52 | Applying unconfirmed transaction - 5413129167290828805
[dbg] 2018-04-18 19:32:52 | Applying confirmed transaction - 5413129167290828805
[dbg] 2018-04-18 19:32:52 | Applying unconfirmed transaction - 17413014038614139498
[dbg] 2018-04-18 19:32:52 | Applying confirmed transaction - 17413014038614139498
[dbg] 2018-04-18 19:32:53 | Applying unconfirmed transaction - 18374193651576287313
[dbg] 2018-04-18 19:32:53 | Applying confirmed transaction - 18374193651576287313
[dbg] 2018-04-18 19:32:53 | Applying unconfirmed transaction - 11913328312305225441
[dbg] 2018-04-18 19:32:53 | Applying confirmed transaction - 11913328312305225441
[dbg] 2018-04-18 19:32:53 | Applying unconfirmed transaction - 276174286100158136
[dbg] 2018-04-18 19:32:53 | Applying confirmed transaction - 276174286100158136
[dbg] 2018-04-18 19:32:53 | Applying unconfirmed transaction - 13078159093193339345
[dbg] 2018-04-18 19:32:53 | Applying confirmed transaction - 13078159093193339345
[dbg] 2018-04-18 19:32:53 | Applying unconfirmed transaction - 17375551333518147663
[dbg] 2018-04-18 19:32:53 | Applying confirmed transaction - 17375551333518147663
[dbg] 2018-04-18 19:32:53 | Applying unconfirmed transaction - 17945922992672538896
[dbg] 2018-04-18 19:32:53 | Applying confirmed transaction - 17945922992672538896
[dbg] 2018-04-18 19:32:53 | Applying unconfirmed transaction - 13634290040197807927
[dbg] 2018-04-18 19:32:53 | Applying confirmed transaction - 13634290040197807927
[dbg] 2018-04-18 19:32:53 | Applying unconfirmed transaction - 7924244352129984797
[inf] 2018-04-18 19:32:53 | Genesis block loading - 98.06 %: applied 101 of 103 transactions
[dbg] 2018-04-18 19:32:53 | Applying confirmed transaction - 7924244352129984797
[dbg] 2018-04-18 19:32:53 | Applying unconfirmed transaction - 16948737372132985845
[dbg] 2018-04-18 19:32:53 | Applying confirmed transaction - 16948737372132985845
[dbg] 2018-04-18 19:32:53 | Applying unconfirmed transaction - 8523650329025498523
[inf] 2018-04-18 19:32:53 | Genesis block loading - 100.0 %: applied 103 of 103 transactions
[dbg] 2018-04-18 19:32:53 | Applying confirmed transaction - 8523650329025498523
[dbg] 2018-04-18 19:32:53 | Summing round - 1
[dbg] 2018-04-18 19:32:53 | Performing forward tick
[dbg] 2018-04-18 19:32:53 | keys with pattern:  /api/delegates* cleared from cache new Round
[inf] 2018-04-18 19:32:53 | Blockchain ready
[inf] 2018-04-18 19:32:53 | Loading 101 delegates from config
[log] 2018-04-18 19:32:53 | GET /api/accounts?address=2220672660234043359S from 127.0.0.1
[inf] 2018-04-18 19:32:53 | Imported peers from database - {"count":0}
[ERR] 2018-04-18 19:32:53 | Failed to load delegates - Account with public key: a37467c4d5eeeb50e7c2320344123aa1999186418dc95bfbeb6b286338a7fc00 not found
[dbg] 2018-04-18 19:32:53 | No delegates enabled
[inf] 2018-04-18 19:32:53 | Loading 101 delegates from config
[dbg] 2018-04-18 19:32:53 | Listing peers - {"attempt":"matched broadhash","found":0,"matched":0,"picked":0,"accepted":0}
[dbg] 2018-04-18 19:32:53 | Listing peers - {"attempt":"unmatched broadhash","found":0,"matched":0,"picked":0,"accepted":0}
[dbg] 2018-04-18 19:32:53 | Listing 0 total peers
[dbg] 2018-04-18 19:32:53 | Listing peers - {"attempt":"matched broadhash","found":0,"matched":0,"picked":0,"accepted":0}
[dbg] 2018-04-18 19:32:53 | Listing peers - {"attempt":"matched broadhash","found":0,"matched":0,"picked":0,"accepted":0}
[log] 2018-04-18 19:32:53 | GET /api/multisignatures/accounts?publicKey=d2be716f2567c473437d925df05959c09819581b190a5eb97c99685c78ae8ea1 from 127.0.0.1
[dbg] 2018-04-18 19:32:53 | Listing peers - {"attempt":"unmatched broadhash","found":0,"matched":0,"picked":0,"accepted":0}
[inf] 2018-04-18 19:32:53 | Starting sync
[dbg] 2018-04-18 19:32:53 | Undoing unconfirmed transactions before sync
[dbg] 2018-04-18 19:32:53 | Listing peers - {"attempt":"unmatched broadhash","found":0,"matched":0,"picked":0,"accepted":0}
[dbg] 2018-04-18 19:32:53 | Listing 0 total peers
[dbg] 2018-04-18 19:32:53 | Establishing broadhash consensus before sync
[dbg] 2018-04-18 19:32:53 | Listing 0 total peers
[dbg] 2018-04-18 19:32:53 | Listing peers - {"attempt":"matched broadhash","found":0,"matched":0,"picked":0,"accepted":0}
[log] 2018-04-18 19:32:53 | GET /api/dapps/categories from 127.0.0.1
[dbg] 2018-04-18 19:32:53 | Listing peers - {"attempt":"unmatched broadhash","found":0,"matched":0,"picked":0,"accepted":0}
[dbg] 2018-04-18 19:32:53 | Listing 0 total peers
[dbg] 2018-04-18 19:32:53 | Listing peers - {"attempt":"matched broadhash","found":0,"matched":0,"picked":0,"accepted":0}
[dbg] 2018-04-18 19:32:53 | Listing peers - {"attempt":"matched broadhash","found":0,"matched":0,"picked":0,"accepted":0}
[dbg] 2018-04-18 19:32:53 | Listing peers - {"attempt":"unmatched broadhash","found":0,"matched":0,"picked":0,"accepted":0}
[dbg] 2018-04-18 19:32:53 | Listing peers - {"attempt":"unmatched broadhash","found":0,"matched":0,"picked":0,"accepted":0}
[dbg] 2018-04-18 19:32:53 | Listing 0 total peers
[dbg] 2018-04-18 19:32:53 | Listing 0 total peers
[inf] 2018-04-18 19:32:53 | Finished sync
[log] 2018-04-18 19:32:53 | GET /api/multisignatures/pending?publicKey=d2be716f2567c473437d925df05959c09819581b190a5eb97c99685c78ae8ea1 from 127.0.0.1
[inf] 2018-04-18 19:32:53 | Starting sync
[dbg] 2018-04-18 19:32:53 | Undoing unconfirmed transactions before sync
[dbg] 2018-04-18 19:32:53 | Listing peers - {"attempt":"matched broadhash","found":0,"matched":0,"picked":0,"accepted":0}
[dbg] 2018-04-18 19:32:53 | Establishing broadhash consensus before sync
[dbg] 2018-04-18 19:32:53 | Listing peers - {"attempt":"matched broadhash","found":0,"matched":0,"picked":0,"accepted":0}
[dbg] 2018-04-18 19:32:53 | Listing peers - {"attempt":"unmatched broadhash","found":0,"matched":0,"picked":0,"accepted":0}
[dbg] 2018-04-18 19:32:53 | Listing 0 total peers
[dbg] 2018-04-18 19:32:53 | Listing peers - {"attempt":"unmatched broadhash","found":0,"matched":0,"picked":0,"accepted":0}
[dbg] 2018-04-18 19:32:53 | Listing 0 total peers
[dbg] 2018-04-18 19:32:53 | Listing peers - {"attempt":"matched broadhash","found":0,"matched":0,"picked":0,"accepted":0}
[dbg] 2018-04-18 19:32:53 | Listing peers - {"attempt":"unmatched broadhash","found":0,"matched":0,"picked":0,"accepted":0}
[dbg] 2018-04-18 19:32:53 | Listing 0 total peers
[inf] 2018-04-18 19:32:53 | Finished sync
[dbg] 2018-04-18 19:32:53 | Listing peers - {"attempt":"matched broadhash","found":0,"matched":0,"picked":0,"accepted":0}
[dbg] 2018-04-18 19:32:53 | Listing peers - {"attempt":"unmatched broadhash","found":0,"matched":0,"picked":0,"accepted":0}
[inf] 2018-04-18 19:32:53 | Starting sync
[dbg] 2018-04-18 19:32:53 | Undoing unconfirmed transactions before sync
[dbg] 2018-04-18 19:32:53 | Listing 0 total peers
[dbg] 2018-04-18 19:32:53 | Establishing broadhash consensus before sync
[dbg] 2018-04-18 19:32:53 | Listing peers - {"attempt":"matched broadhash","found":0,"matched":0,"picked":0,"accepted":0}
[dbg] 2018-04-18 19:32:53 | Listing peers - {"attempt":"unmatched broadhash","found":0,"matched":0,"picked":0,"accepted":0}
[dbg] 2018-04-18 19:32:53 | Listing 0 total peers
[dbg] 2018-04-18 19:32:53 | Listing peers - {"attempt":"matched broadhash","found":0,"matched":0,"picked":0,"accepted":0}
[dbg] 2018-04-18 19:32:53 | Listing peers - {"attempt":"matched broadhash","found":0,"matched":0,"picked":0,"accepted":0}
[dbg] 2018-04-18 19:32:53 | Listing peers - {"attempt":"unmatched broadhash","found":0,"matched":0,"picked":0,"accepted":0}
[dbg] 2018-04-18 19:32:53 | Listing peers - {"attempt":"unmatched broadhash","found":0,"matched":0,"picked":0,"accepted":0}
[dbg] 2018-04-18 19:32:53 | Listing 0 total peers
[dbg] 2018-04-18 19:32:53 | Listing 0 total peers
[inf] 2018-04-18 19:32:53 | Finished sync
[log] 2018-04-18 19:32:53 | Unconfirmed transactions loader - Failed to find enough good peers
[inf] 2018-04-18 19:32:53 | Starting sync
[dbg] 2018-04-18 19:32:53 | Undoing unconfirmed transactions before sync
[dbg] 2018-04-18 19:32:53 | Listing peers - {"attempt":"matched broadhash","found":0,"matched":0,"picked":0,"accepted":0}
[dbg] 2018-04-18 19:32:53 | Establishing broadhash consensus before sync
[dbg] 2018-04-18 19:32:53 | Listing peers - {"attempt":"matched broadhash","found":0,"matched":0,"picked":0,"accepted":0}
[dbg] 2018-04-18 19:32:53 | Listing peers - {"attempt":"unmatched broadhash","found":0,"matched":0,"picked":0,"accepted":0}
[dbg] 2018-04-18 19:32:53 | Listing 0 total peers
[dbg] 2018-04-18 19:32:53 | Listing peers - {"attempt":"unmatched broadhash","found":0,"matched":0,"picked":0,"accepted":0}
[dbg] 2018-04-18 19:32:53 | Listing 0 total peers
[dbg] 2018-04-18 19:32:53 | Listing peers - {"attempt":"matched broadhash","found":0,"matched":0,"picked":0,"accepted":0}
[dbg] 2018-04-18 19:32:53 | Listing peers - {"attempt":"unmatched broadhash","found":0,"matched":0,"picked":0,"accepted":0}
[dbg] 2018-04-18 19:32:53 | Listing 0 total peers
[inf] 2018-04-18 19:32:53 | Finished sync
[dbg] 2018-04-18 19:32:53 | Listing peers - {"attempt":"matched broadhash","found":0,"matched":0,"picked":0,"accepted":0}
[dbg] 2018-04-18 19:32:53 | Listing peers - {"attempt":"unmatched broadhash","found":0,"matched":0,"picked":0,"accepted":0}
[dbg] 2018-04-18 19:32:53 | Listing 0 total peers
[inf] 2018-04-18 19:32:53 | Starting sync
[dbg] 2018-04-18 19:32:53 | Undoing unconfirmed transactions before sync
[dbg] 2018-04-18 19:32:53 | Establishing broadhash consensus before sync
[dbg] 2018-04-18 19:32:53 | Listing peers - {"attempt":"matched broadhash","found":0,"matched":0,"picked":0,"accepted":0}
[dbg] 2018-04-18 19:32:53 | Listing peers - {"attempt":"matched broadhash","found":0,"matched":0,"picked":0,"accepted":0}
[dbg] 2018-04-18 19:32:53 | Listing peers - {"attempt":"unmatched broadhash","found":0,"matched":0,"picked":0,"accepted":0}
[dbg] 2018-04-18 19:32:53 | Listing peers - {"attempt":"unmatched broadhash","found":0,"matched":0,"picked":0,"accepted":0}
[dbg] 2018-04-18 19:32:53 | Listing 0 total peers
[dbg] 2018-04-18 19:32:53 | Listing 0 total peers
[dbg] 2018-04-18 19:32:53 | Listing peers - {"attempt":"matched broadhash","found":0,"matched":0,"picked":0,"accepted":0}
[dbg] 2018-04-18 19:32:53 | Listing peers - {"attempt":"unmatched broadhash","found":0,"matched":0,"picked":0,"accepted":0}
[dbg] 2018-04-18 19:32:53 | Listing 0 total peers
[inf] 2018-04-18 19:32:53 | Finished sync
[ERR] 2018-04-18 19:32:53 | Sync timer - Failed to find enough good peers
[dbg] 2018-04-18 19:32:53 | Listing peers - {"attempt":"matched broadhash","found":0,"matched":0,"picked":0,"accepted":0}
[dbg] 2018-04-18 19:32:53 | Listing peers - {"attempt":"unmatched broadhash","found":0,"matched":0,"picked":0,"accepted":0}
[dbg] 2018-04-18 19:32:53 | Listing 0 total peers
[dbg] 2018-04-18 19:32:53 | Listing peers - {"attempt":"matched broadhash","found":0,"matched":0,"picked":0,"accepted":0}
[dbg] 2018-04-18 19:32:53 | Listing peers - {"attempt":"unmatched broadhash","found":0,"matched":0,"picked":0,"accepted":0}
[dbg] 2018-04-18 19:32:53 | Listing 0 total peers
[log] 2018-04-18 19:32:53 | Signatures loader - Failed to find enough good peers
[log] 2018-04-18 19:32:53 | GET /api/blocks/getHeight from 127.0.0.1
[ERR] 2018-04-18 19:32:54 | Failed to load delegates - Account with public key: a37467c4d5eeeb50e7c2320344123aa1999186418dc95bfbeb6b286338a7fc00 not found
[dbg] 2018-04-18 19:32:54 | No delegates enabled
[inf] 2018-04-18 19:32:54 | Loading 101 delegates from config
[log] 2018-04-18 19:32:54 | GET /api/blocks/getHeight from 127.0.0.1
[ERR] 2018-04-18 19:32:55 | Failed to load delegates - Account with public key: a37467c4d5eeeb50e7c2320344123aa1999186418dc95bfbeb6b286338a7fc00 not found
[dbg] 2018-04-18 19:32:55 | No delegates enabled
[inf] 2018-04-18 19:32:55 | Loading 101 delegates from config
[log] 2018-04-18 19:32:55 | GET /api/blocks/getHeight from 127.0.0.1
[log] 2018-04-18 19:32:56 | GET /api/loader/status/sync from 127.0.0.1
[ERR] 2018-04-18 19:32:56 | Failed to load delegates - Account with public key: a37467c4d5eeeb50e7c2320344123aa1999186418dc95bfbeb6b286338a7fc00 not found
[dbg] 2018-04-18 19:32:56 | No delegates enabled
[inf] 2018-04-18 19:32:56 | Loading 101 delegates from config
[dbg] 2018-04-18 19:32:56 | Releasing enqueued broadcasts
[dbg] 2018-04-18 19:32:56 | Queue empty
[log] 2018-04-18 19:32:56 | GET /api/blocks/getHeight from 127.0.0.1
[ERR] 2018-04-18 19:32:57 | Failed to load delegates - Account with public key: a37467c4d5eeeb50e7c2320344123aa1999186418dc95bfbeb6b286338a7fc00 not found
[dbg] 2018-04-18 19:32:57 | No delegates enabled
[inf] 2018-04-18 19:32:57 | Loading 101 delegates from config
[log] 2018-04-18 19:32:57 | GET /api/blocks/getHeight from 127.0.0.1
[ERR] 2018-04-18 19:32:58 | Failed to load delegates - Account with public key: a37467c4d5eeeb50e7c2320344123aa1999186418dc95bfbeb6b286338a7fc00 not found
[dbg] 2018-04-18 19:32:58 | No delegates enabled
[inf] 2018-04-18 19:32:58 | Loading 101 delegates from config
[dbg] 2018-04-18 19:32:58 | Listing peers - {"attempt":"matched broadhash","found":0,"matched":0,"picked":0,"accepted":0}
[dbg] 2018-04-18 19:32:58 | Listing peers - {"attempt":"unmatched broadhash","found":0,"matched":0,"picked":0,"accepted":0}
[dbg] 2018-04-18 19:32:58 | Listing 0 total peers
[log] 2018-04-18 19:32:58 | GET /api/blocks/getHeight from 127.0.0.1
[ERR] 2018-04-18 19:32:59 | Failed to load delegates - Account with public key: a37467c4d5eeeb50e7c2320344123aa1999186418dc95bfbeb6b286338a7fc00 not found
[dbg] 2018-04-18 19:32:59 | No delegates enabled
[inf] 2018-04-18 19:32:59 | Loading 101 delegates from config
[log] 2018-04-18 19:32:59 | GET /api/blocks/getHeight from 127.0.0.1
[ERR] 2018-04-18 19:33:00 | Failed to load delegates - Account with public key: a37467c4d5eeeb50e7c2320344123aa1999186418dc95bfbeb6b286338a7fc00 not found
[dbg] 2018-04-18 19:33:00 | No delegates enabled
[inf] 2018-04-18 19:33:00 | Loading 101 delegates from config
[log] 2018-04-18 19:33:00 | GET /api/blocks/getHeight from 127.0.0.1
[ERR] 2018-04-18 19:33:01 | Failed to load delegates - Account with public key: a37467c4d5eeeb50e7c2320344123aa1999186418dc95bfbeb6b286338a7fc00 not found
[dbg] 2018-04-18 19:33:01 | No delegates enabled
[inf] 2018-04-18 19:33:01 | Loading 101 delegates from config
[dbg] 2018-04-18 19:33:01 | Releasing enqueued broadcasts
[dbg] 2018-04-18 19:33:01 | Queue empty
[log] 2018-04-18 19:33:01 | GET /api/blocks/getHeight from 127.0.0.1
[ERR] 2018-04-18 19:33:02 | Failed to load delegates - Account with public key: a37467c4d5eeeb50e7c2320344123aa1999186418dc95bfbeb6b286338a7fc00 not found
[dbg] 2018-04-18 19:33:02 | No delegates enabled
[inf] 2018-04-18 19:33:02 | Loading 101 delegates from config
[log] 2018-04-18 19:33:02 | GET /api/blocks/getHeight from 127.0.0.1
[log] 2018-04-18 19:33:03 | GET /api/accounts?address=2220672660234043359S from 127.0.0.1
[log] 2018-04-18 19:33:03 | GET /api/multisignatures/accounts?publicKey=d2be716f2567c473437d925df05959c09819581b190a5eb97c99685c78ae8ea1 from 127.0.0.1
[log] 2018-04-18 19:33:03 | GET /api/dapps/categories from 127.0.0.1
[log] 2018-04-18 19:33:03 | GET /api/multisignatures/pending?publicKey=d2be716f2567c473437d925df05959c09819581b190a5eb97c99685c78ae8ea1 from 127.0.0.1
[dbg] 2018-04-18 19:33:03 | Listing peers - {"attempt":"matched broadhash","found":0,"matched":0,"picked":0,"accepted":0}
[dbg] 2018-04-18 19:33:03 | Listing peers - {"attempt":"unmatched broadhash","found":0,"matched":0,"picked":0,"accepted":0}
[dbg] 2018-04-18 19:33:03 | Listing 0 total peers
[ERR] 2018-04-18 19:33:03 | Failed to load delegates - Account with public key: a37467c4d5eeeb50e7c2320344123aa1999186418dc95bfbeb6b286338a7fc00 not found
[dbg] 2018-04-18 19:33:03 | No delegates enabled
[inf] 2018-04-18 19:33:03 | Loading 101 delegates from config
[inf] 2018-04-18 19:33:03 | Starting sync
[dbg] 2018-04-18 19:33:03 | Undoing unconfirmed transactions before sync
[dbg] 2018-04-18 19:33:03 | Establishing broadhash consensus before sync
[dbg] 2018-04-18 19:33:03 | Listing peers - {"attempt":"matched broadhash","found":0,"matched":0,"picked":0,"accepted":0}
[dbg] 2018-04-18 19:33:03 | Listing peers - {"attempt":"unmatched broadhash","found":0,"matched":0,"picked":0,"accepted":0}
[dbg] 2018-04-18 19:33:03 | Listing 0 total peers
[dbg] 2018-04-18 19:33:03 | Listing peers - {"attempt":"matched broadhash","found":0,"matched":0,"picked":0,"accepted":0}
[dbg] 2018-04-18 19:33:03 | Listing peers - {"attempt":"unmatched broadhash","found":0,"matched":0,"picked":0,"accepted":0}
[dbg] 2018-04-18 19:33:03 | Listing 0 total peers
[inf] 2018-04-18 19:33:03 | Finished sync
[inf] 2018-04-18 19:33:03 | Starting sync
[dbg] 2018-04-18 19:33:03 | Undoing unconfirmed transactions before sync
[dbg] 2018-04-18 19:33:03 | Establishing broadhash consensus before sync
[dbg] 2018-04-18 19:33:03 | Listing peers - {"attempt":"matched broadhash","found":0,"matched":0,"picked":0,"accepted":0}
[dbg] 2018-04-18 19:33:03 | Listing peers - {"attempt":"unmatched broadhash","found":0,"matched":0,"picked":0,"accepted":0}
[dbg] 2018-04-18 19:33:03 | Listing 0 total peers
[dbg] 2018-04-18 19:33:03 | Listing peers - {"attempt":"matched broadhash","found":0,"matched":0,"picked":0,"accepted":0}
[dbg] 2018-04-18 19:33:03 | Listing peers - {"attempt":"unmatched broadhash","found":0,"matched":0,"picked":0,"accepted":0}
[dbg] 2018-04-18 19:33:03 | Listing 0 total peers
[inf] 2018-04-18 19:33:03 | Finished sync
[inf] 2018-04-18 19:33:03 | Starting sync
[dbg] 2018-04-18 19:33:03 | Undoing unconfirmed transactions before sync
[dbg] 2018-04-18 19:33:03 | Establishing broadhash consensus before sync
[dbg] 2018-04-18 19:33:03 | Listing peers - {"attempt":"matched broadhash","found":0,"matched":0,"picked":0,"accepted":0}
[dbg] 2018-04-18 19:33:03 | Listing peers - {"attempt":"unmatched broadhash","found":0,"matched":0,"picked":0,"accepted":0}
[dbg] 2018-04-18 19:33:03 | Listing 0 total peers
[dbg] 2018-04-18 19:33:03 | Listing peers - {"attempt":"matched broadhash","found":0,"matched":0,"picked":0,"accepted":0}
[dbg] 2018-04-18 19:33:03 | Listing peers - {"attempt":"unmatched broadhash","found":0,"matched":0,"picked":0,"accepted":0}
[dbg] 2018-04-18 19:33:03 | Listing 0 total peers
[inf] 2018-04-18 19:33:03 | Finished sync
[inf] 2018-04-18 19:33:03 | Starting sync
[dbg] 2018-04-18 19:33:03 | Undoing unconfirmed transactions before sync
[dbg] 2018-04-18 19:33:03 | Establishing broadhash consensus before sync
[dbg] 2018-04-18 19:33:03 | Listing peers - {"attempt":"matched broadhash","found":0,"matched":0,"picked":0,"accepted":0}
[dbg] 2018-04-18 19:33:03 | Listing peers - {"attempt":"unmatched broadhash","found":0,"matched":0,"picked":0,"accepted":0}
[dbg] 2018-04-18 19:33:03 | Listing 0 total peers
[dbg] 2018-04-18 19:33:03 | Listing peers - {"attempt":"matched broadhash","found":0,"matched":0,"picked":0,"accepted":0}
[dbg] 2018-04-18 19:33:03 | Listing peers - {"attempt":"unmatched broadhash","found":0,"matched":0,"picked":0,"accepted":0}
[dbg] 2018-04-18 19:33:03 | Listing 0 total peers
[inf] 2018-04-18 19:33:03 | Finished sync
[inf] 2018-04-18 19:33:03 | Starting sync
[dbg] 2018-04-18 19:33:03 | Undoing unconfirmed transactions before sync
[dbg] 2018-04-18 19:33:03 | Establishing broadhash consensus before sync
[dbg] 2018-04-18 19:33:03 | Listing peers - {"attempt":"matched broadhash","found":0,"matched":0,"picked":0,"accepted":0}
[dbg] 2018-04-18 19:33:03 | Listing peers - {"attempt":"unmatched broadhash","found":0,"matched":0,"picked":0,"accepted":0}
[dbg] 2018-04-18 19:33:03 | Listing 0 total peers
[dbg] 2018-04-18 19:33:03 | Listing peers - {"attempt":"matched broadhash","found":0,"matched":0,"picked":0,"accepted":0}
[dbg] 2018-04-18 19:33:03 | Listing peers - {"attempt":"unmatched broadhash","found":0,"matched":0,"picked":0,"accepted":0}
[dbg] 2018-04-18 19:33:03 | Listing 0 total peers
[inf] 2018-04-18 19:33:03 | Finished sync
[ERR] 2018-04-18 19:33:03 | Sync timer - Failed to find enough good peers
[log] 2018-04-18 19:33:03 | GET /api/blocks/getHeight from 127.0.0.1
[log] 2018-04-18 19:33:04 | GET /blockchain from 127.0.0.1
[log] 2018-04-18 19:33:04 | GET / from 127.0.0.1
[log] 2018-04-18 19:33:04 | GET /static/css/sauco.css from 127.0.0.1
[log] 2018-04-18 19:33:04 | GET / from 127.0.0.1
[ERR] 2018-04-18 19:33:04 | Failed to load delegates - Account with public key: a37467c4d5eeeb50e7c2320344123aa1999186418dc95bfbeb6b286338a7fc00 not found
[dbg] 2018-04-18 19:33:04 | No delegates enabled
[inf] 2018-04-18 19:33:04 | Loading 101 delegates from config
[log] 2018-04-18 19:33:04 | GET /api/blocks/getHeight from 127.0.0.1
[ERR] 2018-04-18 19:33:05 | Failed to load delegates - Account with public key: a37467c4d5eeeb50e7c2320344123aa1999186418dc95bfbeb6b286338a7fc00 not found
[dbg] 2018-04-18 19:33:05 | No delegates enabled
[inf] 2018-04-18 19:33:05 | Loading 101 delegates from config
[log] 2018-04-18 19:33:05 | GET /api/blocks/getHeight from 127.0.0.1
[ERR] 2018-04-18 19:33:06 | Failed to load delegates - Account with public key: a37467c4d5eeeb50e7c2320344123aa1999186418dc95bfbeb6b286338a7fc00 not found
[dbg] 2018-04-18 19:33:06 | No delegates enabled
[inf] 2018-04-18 19:33:06 | Loading 101 delegates from config
[dbg] 2018-04-18 19:33:06 | Releasing enqueued broadcasts
[dbg] 2018-04-18 19:33:06 | Queue empty
[log] 2018-04-18 19:33:06 | GET /api/blocks/getHeight from 127.0.0.1
[ERR] 2018-04-18 19:33:07 | Failed to load delegates - Account with public key: a37467c4d5eeeb50e7c2320344123aa1999186418dc95bfbeb6b286338a7fc00 not found
[dbg] 2018-04-18 19:33:07 | No delegates enabled
[inf] 2018-04-18 19:33:07 | Loading 101 delegates from config
[log] 2018-04-18 19:33:07 | GET /api/blocks/getHeight from 127.0.0.1
[dbg] 2018-04-18 19:33:08 | Listing peers - {"attempt":"matched broadhash","found":0,"matched":0,"picked":0,"accepted":0}
[dbg] 2018-04-18 19:33:08 | Listing peers - {"attempt":"unmatched broadhash","found":0,"matched":0,"picked":0,"accepted":0}
[dbg] 2018-04-18 19:33:08 | Listing 0 total peers
[ERR] 2018-04-18 19:33:08 | Failed to load delegates - Account with public key: a37467c4d5eeeb50e7c2320344123aa1999186418dc95bfbeb6b286338a7fc00 not found
[dbg] 2018-04-18 19:33:08 | No delegates enabled
[inf] 2018-04-18 19:33:08 | Loading 101 delegates from config
[log] 2018-04-18 19:33:08 | GET /api/blocks/getHeight from 127.0.0.1
[ERR] 2018-04-18 19:33:09 | Failed to load delegates - Account with public key: a37467c4d5eeeb50e7c2320344123aa1999186418dc95bfbeb6b286338a7fc00 not found
[dbg] 2018-04-18 19:33:09 | No delegates enabled
[inf] 2018-04-18 19:33:09 | Loading 101 delegates from config
[log] 2018-04-18 19:33:09 | GET /api/blocks/getHeight from 127.0.0.1
[ERR] 2018-04-18 19:33:10 | Failed to load delegates - Account with public key: a37467c4d5eeeb50e7c2320344123aa1999186418dc95bfbeb6b286338a7fc00 not found
[dbg] 2018-04-18 19:33:10 | No delegates enabled
[inf] 2018-04-18 19:33:10 | Loading 101 delegates from config
[log] 2018-04-18 19:33:10 | GET /api/blocks/getHeight from 127.0.0.1
[ERR] 2018-04-18 19:33:11 | Failed to load delegates - Account with public key: a37467c4d5eeeb50e7c2320344123aa1999186418dc95bfbeb6b286338a7fc00 not found
[dbg] 2018-04-18 19:33:11 | No delegates enabled
[inf] 2018-04-18 19:33:11 | Loading 101 delegates from config
[dbg] 2018-04-18 19:33:11 | Releasing enqueued broadcasts
[dbg] 2018-04-18 19:33:11 | Queue empty
[log] 2018-04-18 19:33:11 | GET /api/loader/status/sync from 127.0.0.1
[log] 2018-04-18 19:33:11 | GET /api/loader/status/sync from 127.0.0.1
[log] 2018-04-18 19:33:11 | GET /api/delegates/get/?publicKey=9f0c05a16d859835a2f64d4c5044c56ae75bdd33ca593811d7cb995caf44009c from 127.0.0.1
[log] 2018-04-18 19:33:11 | GET /api/accounts?address=11619552330338492326S from 127.0.0.1
[log] 2018-04-18 19:33:11 | GET /api/dapps/ismasterpasswordenabled from 127.0.0.1
[log] 2018-04-18 19:33:11 | GET /api/peers/version from 127.0.0.1
[log] 2018-04-18 19:33:11 | GET /api/accounts?address=11619552330338492326S from 127.0.0.1
[log] 2018-04-18 19:33:11 | GET /api/transactions?limit=8&orderBy=timestamp:desc&recipientId=11619552330338492326S&senderPublicKey=9f0c05a16d859835a2f64d4c5044c56ae75bdd33ca593811d7cb995caf44009c from 127.0.0.1
[log] 2018-04-18 19:33:11 | GET /api/delegates/get/?publicKey=9f0c05a16d859835a2f64d4c5044c56ae75bdd33ca593811d7cb995caf44009c from 127.0.0.1
[dbg] 2018-04-18 19:33:11 | cached response for key:  - /?limit=8&orderBy=timestamp:desc&recipientId=11619552330338492326S&senderPublicKey=9f0c05a16d859835a2f64d4c5044c56ae75bdd33ca593811d7cb995caf44009c
[log] 2018-04-18 19:33:11 | GET /api/blocks/getHeight from 127.0.0.1
[log] 2018-04-18 19:33:12 | GET /api/multisignatures/accounts?publicKey=9f0c05a16d859835a2f64d4c5044c56ae75bdd33ca593811d7cb995caf44009c from 127.0.0.1
[log] 2018-04-18 19:33:12 | GET /api/delegates/forging/status?publicKey=9f0c05a16d859835a2f64d4c5044c56ae75bdd33ca593811d7cb995caf44009c from 127.0.0.1
[log] 2018-04-18 19:33:12 | GET /api/delegates/get/?publicKey=9f0c05a16d859835a2f64d4c5044c56ae75bdd33ca593811d7cb995caf44009c from 127.0.0.1
[log] 2018-04-18 19:33:12 | GET /api/dapps/categories from 127.0.0.1
[log] 2018-04-18 19:33:12 | GET /api/blocks/getStatus from 127.0.0.1
[log] 2018-04-18 19:33:12 | GET /api/transactions/unconfirmed?address=11619552330338492326S&senderPublicKey=9f0c05a16d859835a2f64d4c5044c56ae75bdd33ca593811d7cb995caf44009c from 127.0.0.1
[log] 2018-04-18 19:33:12 | GET /api/multisignatures/pending?publicKey=9f0c05a16d859835a2f64d4c5044c56ae75bdd33ca593811d7cb995caf44009c from 127.0.0.1
[ERR] 2018-04-18 19:33:12 | Failed to load delegates - Account with public key: a37467c4d5eeeb50e7c2320344123aa1999186418dc95bfbeb6b286338a7fc00 not found
[dbg] 2018-04-18 19:33:12 | No delegates enabled
[inf] 2018-04-18 19:33:12 | Loading 101 delegates from config
[log] 2018-04-18 19:33:12 | GET /api/blocks/getHeight from 127.0.0.1
[log] 2018-04-18 19:33:13 | GET /api/blocks/?limit=25&offset=0&orderBy=height:desc from 127.0.0.1
[dbg] 2018-04-18 19:33:13 | serving response for url: /?limit=25&offset=0&orderBy=height:desc from cache
[log] 2018-04-18 19:33:13 | GET /api/blocks/?limit=25&offset=0&orderBy=height:desc from 127.0.0.1
[dbg] 2018-04-18 19:33:13 | serving response for url: /?limit=25&offset=0&orderBy=height:desc from cache
[log] 2018-04-18 19:33:13 | GET /api/blocks/?limit=25&offset=0&orderBy=height:desc from 127.0.0.1
[dbg] 2018-04-18 19:33:13 | serving response for url: /?limit=25&offset=0&orderBy=height:desc from cache
[log] 2018-04-18 19:33:13 | GET /api/blocks/getHeight from 127.0.0.1
[log] 2018-04-18 19:33:13 | GET /api/blocks/getHeight from 127.0.0.1
[log] 2018-04-18 19:33:13 | GET /api/blocks/getHeight from 127.0.0.1
[dbg] 2018-04-18 19:33:13 | Listing peers - {"attempt":"matched broadhash","found":0,"matched":0,"picked":0,"accepted":0}
[dbg] 2018-04-18 19:33:13 | Listing peers - {"attempt":"unmatched broadhash","found":0,"matched":0,"picked":0,"accepted":0}
[dbg] 2018-04-18 19:33:13 | Listing 0 total peers
[inf] 2018-04-18 19:33:13 | Starting sync
[dbg] 2018-04-18 19:33:13 | Undoing unconfirmed transactions before sync
[dbg] 2018-04-18 19:33:13 | Establishing broadhash consensus before sync
[dbg] 2018-04-18 19:33:13 | Listing peers - {"attempt":"matched broadhash","found":0,"matched":0,"picked":0,"accepted":0}
[ERR] 2018-04-18 19:33:13 | Failed to load delegates - Account with public key: a37467c4d5eeeb50e7c2320344123aa1999186418dc95bfbeb6b286338a7fc00 not found
[dbg] 2018-04-18 19:33:13 | No delegates enabled
[inf] 2018-04-18 19:33:13 | Loading 101 delegates from config
[dbg] 2018-04-18 19:33:13 | Listing peers - {"attempt":"unmatched broadhash","found":0,"matched":0,"picked":0,"accepted":0}
[dbg] 2018-04-18 19:33:13 | Listing 0 total peers
[dbg] 2018-04-18 19:33:13 | Listing peers - {"attempt":"matched broadhash","found":0,"matched":0,"picked":0,"accepted":0}
[dbg] 2018-04-18 19:33:13 | Listing peers - {"attempt":"unmatched broadhash","found":0,"matched":0,"picked":0,"accepted":0}
[dbg] 2018-04-18 19:33:13 | Listing 0 total peers
[inf] 2018-04-18 19:33:13 | Finished sync
[inf] 2018-04-18 19:33:13 | Starting sync
[dbg] 2018-04-18 19:33:13 | Undoing unconfirmed transactions before sync
[dbg] 2018-04-18 19:33:13 | Establishing broadhash consensus before sync
[dbg] 2018-04-18 19:33:13 | Listing peers - {"attempt":"matched broadhash","found":0,"matched":0,"picked":0,"accepted":0}
[dbg] 2018-04-18 19:33:13 | Listing peers - {"attempt":"unmatched broadhash","found":0,"matched":0,"picked":0,"accepted":0}
[dbg] 2018-04-18 19:33:13 | Listing 0 total peers
[dbg] 2018-04-18 19:33:13 | Listing peers - {"attempt":"matched broadhash","found":0,"matched":0,"picked":0,"accepted":0}
[dbg] 2018-04-18 19:33:13 | Listing peers - {"attempt":"unmatched broadhash","found":0,"matched":0,"picked":0,"accepted":0}
[dbg] 2018-04-18 19:33:13 | Listing 0 total peers
[inf] 2018-04-18 19:33:13 | Finished sync
[inf] 2018-04-18 19:33:13 | Starting sync
[dbg] 2018-04-18 19:33:13 | Undoing unconfirmed transactions before sync
[dbg] 2018-04-18 19:33:13 | Establishing broadhash consensus before sync
[dbg] 2018-04-18 19:33:13 | Listing peers - {"attempt":"matched broadhash","found":0,"matched":0,"picked":0,"accepted":0}
[dbg] 2018-04-18 19:33:13 | Listing peers - {"attempt":"unmatched broadhash","found":0,"matched":0,"picked":0,"accepted":0}
[dbg] 2018-04-18 19:33:13 | Listing 0 total peers
[dbg] 2018-04-18 19:33:13 | Listing peers - {"attempt":"matched broadhash","found":0,"matched":0,"picked":0,"accepted":0}
[dbg] 2018-04-18 19:33:13 | Listing peers - {"attempt":"unmatched broadhash","found":0,"matched":0,"picked":0,"accepted":0}
[dbg] 2018-04-18 19:33:13 | Listing 0 total peers
[inf] 2018-04-18 19:33:13 | Finished sync
[inf] 2018-04-18 19:33:13 | Starting sync
[dbg] 2018-04-18 19:33:13 | Undoing unconfirmed transactions before sync
[dbg] 2018-04-18 19:33:13 | Establishing broadhash consensus before sync
[dbg] 2018-04-18 19:33:13 | Listing peers - {"attempt":"matched broadhash","found":0,"matched":0,"picked":0,"accepted":0}
[dbg] 2018-04-18 19:33:13 | Listing peers - {"attempt":"unmatched broadhash","found":0,"matched":0,"picked":0,"accepted":0}
[dbg] 2018-04-18 19:33:13 | Listing 0 total peers
[dbg] 2018-04-18 19:33:13 | Listing peers - {"attempt":"matched broadhash","found":0,"matched":0,"picked":0,"accepted":0}
[dbg] 2018-04-18 19:33:13 | Listing peers - {"attempt":"unmatched broadhash","found":0,"matched":0,"picked":0,"accepted":0}
[dbg] 2018-04-18 19:33:13 | Listing 0 total peers
[inf] 2018-04-18 19:33:13 | Finished sync
[inf] 2018-04-18 19:33:13 | Starting sync
[dbg] 2018-04-18 19:33:13 | Undoing unconfirmed transactions before sync
[dbg] 2018-04-18 19:33:13 | Establishing broadhash consensus before sync
[dbg] 2018-04-18 19:33:13 | Listing peers - {"attempt":"matched broadhash","found":0,"matched":0,"picked":0,"accepted":0}
[dbg] 2018-04-18 19:33:13 | Listing peers - {"attempt":"unmatched broadhash","found":0,"matched":0,"picked":0,"accepted":0}
[dbg] 2018-04-18 19:33:13 | Listing 0 total peers
[dbg] 2018-04-18 19:33:13 | Listing peers - {"attempt":"matched broadhash","found":0,"matched":0,"picked":0,"accepted":0}
[dbg] 2018-04-18 19:33:13 | Listing peers - {"attempt":"unmatched broadhash","found":0,"matched":0,"picked":0,"accepted":0}
[dbg] 2018-04-18 19:33:13 | Listing 0 total peers
[inf] 2018-04-18 19:33:13 | Finished sync
[ERR] 2018-04-18 19:33:13 | Sync timer - Failed to find enough good peers
[log] 2018-04-18 19:33:13 | GET /api/blocks/getHeight from 127.0.0.1
[log] 2018-04-18 19:33:14 | GET /api/transactions/?blockId=13055272336090937117 from 127.0.0.1
[dbg] 2018-04-18 19:33:14 | serving response for url: /?blockId=13055272336090937117 from cache
[ERR] 2018-04-18 19:33:14 | Failed to load delegates - Account with public key: a37467c4d5eeeb50e7c2320344123aa1999186418dc95bfbeb6b286338a7fc00 not found
[dbg] 2018-04-18 19:33:14 | No delegates enabled
[inf] 2018-04-18 19:33:14 | Loading 101 delegates from config
[log] 2018-04-18 19:33:14 | GET /api/blocks/getHeight from 127.0.0.1
[log] 2018-04-18 19:33:15 | GET /api/blocks/?limit=25&offset=0&orderBy=height:desc from 127.0.0.1
[dbg] 2018-04-18 19:33:15 | serving response for url: /?limit=25&offset=0&orderBy=height:desc from cache
[log] 2018-04-18 19:33:15 | GET /api/blocks/getHeight from 127.0.0.1
[ERR] 2018-04-18 19:33:15 | Failed to load delegates - Account with public key: a37467c4d5eeeb50e7c2320344123aa1999186418dc95bfbeb6b286338a7fc00 not found
[dbg] 2018-04-18 19:33:15 | No delegates enabled
[inf] 2018-04-18 19:33:15 | Loading 101 delegates from config
[log] 2018-04-18 19:33:15 | GET /api/blocks/getHeight from 127.0.0.1
[dbg] 2018-04-18 19:33:16 | Releasing enqueued broadcasts
[dbg] 2018-04-18 19:33:16 | Queue empty
[ERR] 2018-04-18 19:33:16 | Failed to load delegates - Account with public key: a37467c4d5eeeb50e7c2320344123aa1999186418dc95bfbeb6b286338a7fc00 not found
[dbg] 2018-04-18 19:33:16 | No delegates enabled
[inf] 2018-04-18 19:33:16 | Loading 101 delegates from config
[log] 2018-04-18 19:33:16 | GET /api/blocks/getHeight from 127.0.0.1
[ERR] 2018-04-18 19:33:17 | Failed to load delegates - Account with public key: a37467c4d5eeeb50e7c2320344123aa1999186418dc95bfbeb6b286338a7fc00 not found
[dbg] 2018-04-18 19:33:17 | No delegates enabled
[inf] 2018-04-18 19:33:17 | Loading 101 delegates from config
[log] 2018-04-18 19:33:17 | GET /api/blocks/getHeight from 127.0.0.1
[log] 2018-04-18 19:33:18 | GET /api/accounts?address=9849453948452591971S from 127.0.0.1
[dbg] 2018-04-18 19:33:18 | Listing peers - {"attempt":"matched broadhash","found":0,"matched":0,"picked":0,"accepted":0}
[dbg] 2018-04-18 19:33:18 | Listing peers - {"attempt":"unmatched broadhash","found":0,"matched":0,"picked":0,"accepted":0}
[dbg] 2018-04-18 19:33:18 | Listing 0 total peers
[ERR] 2018-04-18 19:33:18 | Failed to load delegates - Account with public key: a37467c4d5eeeb50e7c2320344123aa1999186418dc95bfbeb6b286338a7fc00 not found
[dbg] 2018-04-18 19:33:18 | No delegates enabled
[inf] 2018-04-18 19:33:18 | Loading 101 delegates from config
[log] 2018-04-18 19:33:18 | GET /api/blocks/getHeight from 127.0.0.1
[ERR] 2018-04-18 19:33:19 | Failed to load delegates - Account with public key: a37467c4d5eeeb50e7c2320344123aa1999186418dc95bfbeb6b286338a7fc00 not found
[dbg] 2018-04-18 19:33:19 | No delegates enabled
[inf] 2018-04-18 19:33:19 | Loading 101 delegates from config
[log] 2018-04-18 19:33:19 | GET /api/blocks/getHeight from 127.0.0.1
[ERR] 2018-04-18 19:33:20 | Failed to load delegates - Account with public key: a37467c4d5eeeb50e7c2320344123aa1999186418dc95bfbeb6b286338a7fc00 not found
[dbg] 2018-04-18 19:33:20 | No delegates enabled
[inf] 2018-04-18 19:33:20 | Loading 101 delegates from config
[log] 2018-04-18 19:33:20 | GET /api/blocks/getHeight from 127.0.0.1
[dbg] 2018-04-18 19:33:21 | Releasing enqueued broadcasts
[dbg] 2018-04-18 19:33:21 | Queue empty
[ERR] 2018-04-18 19:33:21 | Failed to load delegates - Account with public key: a37467c4d5eeeb50e7c2320344123aa1999186418dc95bfbeb6b286338a7fc00 not found
[dbg] 2018-04-18 19:33:21 | No delegates enabled
[inf] 2018-04-18 19:33:21 | Loading 101 delegates from config
[log] 2018-04-18 19:33:21 | GET /api/loader/status/sync from 127.0.0.1
[log] 2018-04-18 19:33:21 | GET /api/blocks/getHeight from 127.0.0.1
[ERR] 2018-04-18 19:33:22 | Failed to load delegates - Account with public key: a37467c4d5eeeb50e7c2320344123aa1999186418dc95bfbeb6b286338a7fc00 not found
[dbg] 2018-04-18 19:33:22 | No delegates enabled
[inf] 2018-04-18 19:33:22 | Loading 101 delegates from config
[log] 2018-04-18 19:33:22 | GET /api/blocks/getHeight from 127.0.0.1
[dbg] 2018-04-18 19:33:23 | Listing peers - {"attempt":"matched broadhash","found":0,"matched":0,"picked":0,"accepted":0}
[dbg] 2018-04-18 19:33:23 | Listing peers - {"attempt":"unmatched broadhash","found":0,"matched":0,"picked":0,"accepted":0}
[dbg] 2018-04-18 19:33:23 | Listing 0 total peers
[inf] 2018-04-18 19:33:23 | Starting sync
[dbg] 2018-04-18 19:33:23 | Undoing unconfirmed transactions before sync
[dbg] 2018-04-18 19:33:23 | Establishing broadhash consensus before sync
[dbg] 2018-04-18 19:33:23 | Listing peers - {"attempt":"matched broadhash","found":0,"matched":0,"picked":0,"accepted":0}
[dbg] 2018-04-18 19:33:23 | Listing peers - {"attempt":"unmatched broadhash","found":0,"matched":0,"picked":0,"accepted":0}
[dbg] 2018-04-18 19:33:23 | Listing 0 total peers
[dbg] 2018-04-18 19:33:23 | Listing peers - {"attempt":"matched broadhash","found":0,"matched":0,"picked":0,"accepted":0}
[dbg] 2018-04-18 19:33:23 | Listing peers - {"attempt":"unmatched broadhash","found":0,"matched":0,"picked":0,"accepted":0}
[dbg] 2018-04-18 19:33:23 | Listing 0 total peers
[inf] 2018-04-18 19:33:23 | Finished sync
[inf] 2018-04-18 19:33:23 | Starting sync
[dbg] 2018-04-18 19:33:23 | Undoing unconfirmed transactions before sync
[dbg] 2018-04-18 19:33:23 | Establishing broadhash consensus before sync
[dbg] 2018-04-18 19:33:23 | Listing peers - {"attempt":"matched broadhash","found":0,"matched":0,"picked":0,"accepted":0}
[dbg] 2018-04-18 19:33:23 | Listing peers - {"attempt":"unmatched broadhash","found":0,"matched":0,"picked":0,"accepted":0}
[dbg] 2018-04-18 19:33:23 | Listing 0 total peers
[dbg] 2018-04-18 19:33:23 | Listing peers - {"attempt":"matched broadhash","found":0,"matched":0,"picked":0,"accepted":0}
[dbg] 2018-04-18 19:33:23 | Listing peers - {"attempt":"unmatched broadhash","found":0,"matched":0,"picked":0,"accepted":0}
[dbg] 2018-04-18 19:33:23 | Listing 0 total peers
[inf] 2018-04-18 19:33:23 | Finished sync
[inf] 2018-04-18 19:33:23 | Starting sync
[dbg] 2018-04-18 19:33:23 | Undoing unconfirmed transactions before sync
[dbg] 2018-04-18 19:33:23 | Establishing broadhash consensus before sync
[dbg] 2018-04-18 19:33:23 | Listing peers - {"attempt":"matched broadhash","found":0,"matched":0,"picked":0,"accepted":0}
[dbg] 2018-04-18 19:33:23 | Listing peers - {"attempt":"unmatched broadhash","found":0,"matched":0,"picked":0,"accepted":0}
[dbg] 2018-04-18 19:33:23 | Listing 0 total peers
[dbg] 2018-04-18 19:33:23 | Listing peers - {"attempt":"matched broadhash","found":0,"matched":0,"picked":0,"accepted":0}
[dbg] 2018-04-18 19:33:23 | Listing peers - {"attempt":"unmatched broadhash","found":0,"matched":0,"picked":0,"accepted":0}
[dbg] 2018-04-18 19:33:23 | Listing 0 total peers
[inf] 2018-04-18 19:33:23 | Finished sync
[ERR] 2018-04-18 19:33:23 | Failed to load delegates - Account with public key: a37467c4d5eeeb50e7c2320344123aa1999186418dc95bfbeb6b286338a7fc00 not found
[dbg] 2018-04-18 19:33:23 | No delegates enabled
[inf] 2018-04-18 19:33:23 | Loading 101 delegates from config
[inf] 2018-04-18 19:33:23 | Starting sync
[dbg] 2018-04-18 19:33:23 | Undoing unconfirmed transactions before sync
[dbg] 2018-04-18 19:33:23 | Establishing broadhash consensus before sync
[dbg] 2018-04-18 19:33:23 | Listing peers - {"attempt":"matched broadhash","found":0,"matched":0,"picked":0,"accepted":0}
[dbg] 2018-04-18 19:33:23 | Listing peers - {"attempt":"unmatched broadhash","found":0,"matched":0,"picked":0,"accepted":0}
[dbg] 2018-04-18 19:33:23 | Listing 0 total peers
[dbg] 2018-04-18 19:33:23 | Listing peers - {"attempt":"matched broadhash","found":0,"matched":0,"picked":0,"accepted":0}
[dbg] 2018-04-18 19:33:23 | Listing peers - {"attempt":"unmatched broadhash","found":0,"matched":0,"picked":0,"accepted":0}
[dbg] 2018-04-18 19:33:23 | Listing 0 total peers
[inf] 2018-04-18 19:33:23 | Finished sync
[inf] 2018-04-18 19:33:23 | Starting sync
[dbg] 2018-04-18 19:33:23 | Undoing unconfirmed transactions before sync
[dbg] 2018-04-18 19:33:23 | Establishing broadhash consensus before sync
[dbg] 2018-04-18 19:33:23 | Listing peers - {"attempt":"matched broadhash","found":0,"matched":0,"picked":0,"accepted":0}
[dbg] 2018-04-18 19:33:23 | Listing peers - {"attempt":"unmatched broadhash","found":0,"matched":0,"picked":0,"accepted":0}
[dbg] 2018-04-18 19:33:23 | Listing 0 total peers
[dbg] 2018-04-18 19:33:23 | Listing peers - {"attempt":"matched broadhash","found":0,"matched":0,"picked":0,"accepted":0}
[dbg] 2018-04-18 19:33:23 | Listing peers - {"attempt":"unmatched broadhash","found":0,"matched":0,"picked":0,"accepted":0}
[dbg] 2018-04-18 19:33:23 | Listing 0 total peers
[inf] 2018-04-18 19:33:23 | Finished sync
[ERR] 2018-04-18 19:33:23 | Sync timer - Failed to find enough good peers
[log] 2018-04-18 19:33:23 | GET /api/blocks/getHeight from 127.0.0.1
[ERR] 2018-04-18 19:33:24 | Failed to load delegates - Account with public key: a37467c4d5eeeb50e7c2320344123aa1999186418dc95bfbeb6b286338a7fc00 not found
[dbg] 2018-04-18 19:33:24 | No delegates enabled
[inf] 2018-04-18 19:33:24 | Loading 101 delegates from config
[log] 2018-04-18 19:33:24 | GET /api/blocks/getHeight from 127.0.0.1
[ERR] 2018-04-18 19:33:25 | Failed to load delegates - Account with public key: a37467c4d5eeeb50e7c2320344123aa1999186418dc95bfbeb6b286338a7fc00 not found
[dbg] 2018-04-18 19:33:25 | No delegates enabled
[inf] 2018-04-18 19:33:25 | Loading 101 delegates from config
[log] 2018-04-18 19:33:25 | GET /api/blocks/getHeight from 127.0.0.1
[dbg] 2018-04-18 19:33:26 | Releasing enqueued broadcasts
[dbg] 2018-04-18 19:33:26 | Queue empty
[ERR] 2018-04-18 19:33:26 | Failed to load delegates - Account with public key: a37467c4d5eeeb50e7c2320344123aa1999186418dc95bfbeb6b286338a7fc00 not found
[dbg] 2018-04-18 19:33:26 | No delegates enabled
[inf] 2018-04-18 19:33:26 | Loading 101 delegates from config
[log] 2018-04-18 19:33:26 | GET /api/blocks/getHeight from 127.0.0.1
[ERR] 2018-04-18 19:33:27 | Failed to load delegates - Account with public key: a37467c4d5eeeb50e7c2320344123aa1999186418dc95bfbeb6b286338a7fc00 not found
[dbg] 2018-04-18 19:33:27 | No delegates enabled
[inf] 2018-04-18 19:33:27 | Loading 101 delegates from config
[log] 2018-04-18 19:33:27 | GET /api/blocks/getHeight from 127.0.0.1
[dbg] 2018-04-18 19:33:28 | Listing peers - {"attempt":"matched broadhash","found":0,"matched":0,"picked":0,"accepted":0}
[dbg] 2018-04-18 19:33:28 | Listing peers - {"attempt":"unmatched broadhash","found":0,"matched":0,"picked":0,"accepted":0}
[dbg] 2018-04-18 19:33:28 | Listing 0 total peers
[ERR] 2018-04-18 19:33:28 | Failed to load delegates - Account with public key: a37467c4d5eeeb50e7c2320344123aa1999186418dc95bfbeb6b286338a7fc00 not found
[dbg] 2018-04-18 19:33:28 | No delegates enabled
[inf] 2018-04-18 19:33:28 | Loading 101 delegates from config
[log] 2018-04-18 19:33:28 | GET /api/blocks/getHeight from 127.0.0.1
[ERR] 2018-04-18 19:33:29 | Failed to load delegates - Account with public key: a37467c4d5eeeb50e7c2320344123aa1999186418dc95bfbeb6b286338a7fc00 not found
[dbg] 2018-04-18 19:33:29 | No delegates enabled
[inf] 2018-04-18 19:33:29 | Loading 101 delegates from config
[log] 2018-04-18 19:33:29 | GET /api/blocks/getHeight from 127.0.0.1
[ERR] 2018-04-18 19:33:30 | Failed to load delegates - Account with public key: a37467c4d5eeeb50e7c2320344123aa1999186418dc95bfbeb6b286338a7fc00 not found
[dbg] 2018-04-18 19:33:30 | No delegates enabled
[inf] 2018-04-18 19:33:30 | Loading 101 delegates from config
[log] 2018-04-18 19:33:30 | GET /api/blocks/getHeight from 127.0.0.1
[dbg] 2018-04-18 19:33:31 | Releasing enqueued broadcasts
[dbg] 2018-04-18 19:33:31 | Queue empty
[log] 2018-04-18 19:33:31 | GET /api/loader/status/sync from 127.0.0.1
[ERR] 2018-04-18 19:33:31 | Failed to load delegates - Account with public key: a37467c4d5eeeb50e7c2320344123aa1999186418dc95bfbeb6b286338a7fc00 not found
[dbg] 2018-04-18 19:33:31 | No delegates enabled
[inf] 2018-04-18 19:33:31 | Loading 101 delegates from config
[log] 2018-04-18 19:33:31 | GET /api/blocks/getHeight from 127.0.0.1
[ERR] 2018-04-18 19:33:32 | Failed to load delegates - Account with public key: a37467c4d5eeeb50e7c2320344123aa1999186418dc95bfbeb6b286338a7fc00 not found
[dbg] 2018-04-18 19:33:32 | No delegates enabled
[inf] 2018-04-18 19:33:32 | Loading 101 delegates from config
[log] 2018-04-18 19:33:32 | GET /api/blocks/getHeight from 127.0.0.1
[dbg] 2018-04-18 19:33:33 | Listing peers - {"attempt":"matched broadhash","found":0,"matched":0,"picked":0,"accepted":0}
[dbg] 2018-04-18 19:33:33 | Listing peers - {"attempt":"unmatched broadhash","found":0,"matched":0,"picked":0,"accepted":0}
[dbg] 2018-04-18 19:33:33 | Listing 0 total peers
